ERROR - 2022-04-07 07:39:25 --> Error connecting to the database: No connection could be made because the target machine actively refused it.

CRITICAL - 2022-04-07 07:39:25 --> Unable to connect to the database.
#0 D:\DEVELOPMENT\KULIAH\investory\system\Database\BaseConnection.php(618): CodeIgniter\Database\BaseConnection->initialize()
#1 D:\DEVELOPMENT\KULIAH\investory\system\Database\BaseBuilder.php(1866): CodeIgniter\Database\BaseConnection->query('SELECT *\nFROM `...', Array, false)
#2 D:\DEVELOPMENT\KULIAH\investory\system\Model.php(247): CodeIgniter\Database\BaseBuilder->get()
#3 D:\DEVELOPMENT\KULIAH\investory\system\BaseModel.php(624): CodeIgniter\Model->doFirst()
#4 D:\DEVELOPMENT\KULIAH\investory\app\Controllers\Login.php(35): CodeIgniter\BaseModel->first()
#5 D:\DEVELOPMENT\KULIAH\investory\system\CodeIgniter.php(936): App\Controllers\Login->doLogin()
#6 D:\DEVELOPMENT\KULIAH\investory\system\CodeIgniter.php(432): CodeIgniter\CodeIgniter->runController(Object(App\Controllers\Login))
#7 D:\DEVELOPMENT\KULIAH\investory\system\CodeIgniter.php(333): CodeIgniter\CodeIgniter->handleRequest(NULL, Object(Config\Cache), false)
#8 D:\DEVELOPMENT\KULIAH\investory\public\index.php(44): CodeIgniter\CodeIgniter->run()
#9 D:\DEVELOPMENT\KULIAH\investory\system\Commands\Server\rewrite.php(45): require_once('D:\\DEVELOPMENT\\...')
#10 {main}
CRITICAL - 2022-04-07 07:49:36 --> Trying to access array offset on value of type null
#0 D:\DEVELOPMENT\KULIAH\investory\app\Views\master\product\edit.php(18): CodeIgniter\Debug\Exceptions->errorHandler(8, 'Trying to acces...', 'D:\\DEVELOPMENT\\...', 18, Array)
#1 D:\DEVELOPMENT\KULIAH\investory\system\View\View.php(220): include('D:\\DEVELOPMENT\\...')
#2 D:\DEVELOPMENT\KULIAH\investory\system\View\View.php(222): CodeIgniter\View\View->CodeIgniter\View\{closure}()
#3 D:\DEVELOPMENT\KULIAH\investory\system\Common.php(1217): CodeIgniter\View\View->render('master/product/...', Array, true)
#4 D:\DEVELOPMENT\KULIAH\investory\app\Controllers\Master\Product.php(61): view('master/product/...', Array)
#5 D:\DEVELOPMENT\KULIAH\investory\system\CodeIgniter.php(936): App\Controllers\Master\Product->edit('1')
#6 D:\DEVELOPMENT\KULIAH\investory\system\CodeIgniter.php(432): CodeIgniter\CodeIgniter->runController(Object(App\Controllers\Master\Product))
#7 D:\DEVELOPMENT\KULIAH\investory\system\CodeIgniter.php(333): CodeIgniter\CodeIgniter->handleRequest(NULL, Object(Config\Cache), false)
#8 D:\DEVELOPMENT\KULIAH\investory\public\index.php(44): CodeIgniter\CodeIgniter->run()
#9 D:\DEVELOPMENT\KULIAH\investory\system\Commands\Server\rewrite.php(45): require_once('D:\\DEVELOPMENT\\...')
#10 {main}
CRITICAL - 2022-04-07 07:54:14 --> Call to undefined method App\Models\Stock::indAll
#0 D:\DEVELOPMENT\KULIAH\investory\app\Controllers\Transaction\Stock.php(26): CodeIgniter\Model->__call('indAll', Array)
#1 D:\DEVELOPMENT\KULIAH\investory\system\CodeIgniter.php(936): App\Controllers\Transaction\Stock->index()
#2 D:\DEVELOPMENT\KULIAH\investory\system\CodeIgniter.php(432): CodeIgniter\CodeIgniter->runController(Object(App\Controllers\Transaction\Stock))
#3 D:\DEVELOPMENT\KULIAH\investory\system\CodeIgniter.php(333): CodeIgniter\CodeIgniter->handleRequest(NULL, Object(Config\Cache), false)
#4 D:\DEVELOPMENT\KULIAH\investory\public\index.php(44): CodeIgniter\CodeIgniter->run()
#5 D:\DEVELOPMENT\KULIAH\investory\system\Commands\Server\rewrite.php(45): require_once('D:\\DEVELOPMENT\\...')
#6 {main}
CRITICAL - 2022-04-07 08:00:13 --> Invalid file: transaction/index.php
#0 D:\DEVELOPMENT\KULIAH\investory\system\View\View.php(203): CodeIgniter\Exceptions\FrameworkException::forInvalidFile('transaction/ind...')
#1 D:\DEVELOPMENT\KULIAH\investory\system\Common.php(1217): CodeIgniter\View\View->render('transaction/ind...', Array, true)
#2 D:\DEVELOPMENT\KULIAH\investory\app\Controllers\Transaction\Stock.php(29): view('transaction/ind...', Array)
#3 D:\DEVELOPMENT\KULIAH\investory\system\CodeIgniter.php(936): App\Controllers\Transaction\Stock->index()
#4 D:\DEVELOPMENT\KULIAH\investory\system\CodeIgniter.php(432): CodeIgniter\CodeIgniter->runController(Object(App\Controllers\Transaction\Stock))
#5 D:\DEVELOPMENT\KULIAH\investory\system\CodeIgniter.php(333): CodeIgniter\CodeIgniter->handleRequest(NULL, Object(Config\Cache), false)
#6 D:\DEVELOPMENT\KULIAH\investory\public\index.php(44): CodeIgniter\CodeIgniter->run()
#7 D:\DEVELOPMENT\KULIAH\investory\system\Commands\Server\rewrite.php(45): require_once('D:\\DEVELOPMENT\\...')
#8 {main}
CRITICAL - 2022-04-07 08:09:34 --> Invalid file: transaction/index.php
#0 D:\DEVELOPMENT\KULIAH\investory\system\View\View.php(203): CodeIgniter\Exceptions\FrameworkException::forInvalidFile('transaction/ind...')
#1 D:\DEVELOPMENT\KULIAH\investory\system\Common.php(1217): CodeIgniter\View\View->render('transaction/ind...', Array, true)
#2 D:\DEVELOPMENT\KULIAH\investory\app\Controllers\Transaction\Stockout.php(29): view('transaction/ind...', Array)
#3 D:\DEVELOPMENT\KULIAH\investory\system\CodeIgniter.php(936): App\Controllers\Transaction\Stockout->index()
#4 D:\DEVELOPMENT\KULIAH\investory\system\CodeIgniter.php(432): CodeIgniter\CodeIgniter->runController(Object(App\Controllers\Transaction\Stockout))
#5 D:\DEVELOPMENT\KULIAH\investory\system\CodeIgniter.php(333): CodeIgniter\CodeIgniter->handleRequest(NULL, Object(Config\Cache), false)
#6 D:\DEVELOPMENT\KULIAH\investory\public\index.php(44): CodeIgniter\CodeIgniter->run()
#7 D:\DEVELOPMENT\KULIAH\investory\system\Commands\Server\rewrite.php(45): require_once('D:\\DEVELOPMENT\\...')
#8 {main}
CRITICAL - 2022-04-07 09:05:39 --> Invalid file: transaction/add.php
#0 D:\DEVELOPMENT\KULIAH\investory\system\View\View.php(203): CodeIgniter\Exceptions\FrameworkException::forInvalidFile('transaction/add...')
#1 D:\DEVELOPMENT\KULIAH\investory\system\Common.php(1217): CodeIgniter\View\View->render('transaction/add', Array, true)
#2 D:\DEVELOPMENT\KULIAH\investory\app\Controllers\Transaction\Stock.php(41): view('transaction/add', Array)
#3 D:\DEVELOPMENT\KULIAH\investory\system\CodeIgniter.php(936): App\Controllers\Transaction\Stock->add()
#4 D:\DEVELOPMENT\KULIAH\investory\system\CodeIgniter.php(432): CodeIgniter\CodeIgniter->runController(Object(App\Controllers\Transaction\Stock))
#5 D:\DEVELOPMENT\KULIAH\investory\system\CodeIgniter.php(333): CodeIgniter\CodeIgniter->handleRequest(NULL, Object(Config\Cache), false)
#6 D:\DEVELOPMENT\KULIAH\investory\public\index.php(44): CodeIgniter\CodeIgniter->run()
#7 D:\DEVELOPMENT\KULIAH\investory\system\Commands\Server\rewrite.php(45): require_once('D:\\DEVELOPMENT\\...')
#8 {main}
CRITICAL - 2022-04-07 09:12:04 --> Invalid argument supplied for foreach()
#0 D:\DEVELOPMENT\KULIAH\investory\app\Controllers\Transaction\Stock.php(57): CodeIgniter\Debug\Exceptions->errorHandler(2, 'Invalid argumen...', 'D:\\DEVELOPMENT\\...', 57, Array)
#1 D:\DEVELOPMENT\KULIAH\investory\system\CodeIgniter.php(936): App\Controllers\Transaction\Stock->store()
#2 D:\DEVELOPMENT\KULIAH\investory\system\CodeIgniter.php(432): CodeIgniter\CodeIgniter->runController(Object(App\Controllers\Transaction\Stock))
#3 D:\DEVELOPMENT\KULIAH\investory\system\CodeIgniter.php(333): CodeIgniter\CodeIgniter->handleRequest(NULL, Object(Config\Cache), false)
#4 D:\DEVELOPMENT\KULIAH\investory\public\index.php(44): CodeIgniter\CodeIgniter->run()
#5 D:\DEVELOPMENT\KULIAH\investory\system\Commands\Server\rewrite.php(45): require_once('D:\\DEVELOPMENT\\...')
#6 {main}
CRITICAL - 2022-04-07 09:45:06 --> Undefined index: transacton_code
#0 D:\DEVELOPMENT\KULIAH\investory\app\Views\transaction\stock_in\index.php(44): CodeIgniter\Debug\Exceptions->errorHandler(8, 'Undefined index...', 'D:\\DEVELOPMENT\\...', 44, Array)
#1 D:\DEVELOPMENT\KULIAH\investory\system\View\View.php(220): include('D:\\DEVELOPMENT\\...')
#2 D:\DEVELOPMENT\KULIAH\investory\system\View\View.php(222): CodeIgniter\View\View->CodeIgniter\View\{closure}()
#3 D:\DEVELOPMENT\KULIAH\investory\system\Common.php(1217): CodeIgniter\View\View->render('transaction/sto...', Array, true)
#4 D:\DEVELOPMENT\KULIAH\investory\app\Controllers\Transaction\Stock.php(29): view('transaction/sto...', Array)
#5 D:\DEVELOPMENT\KULIAH\investory\system\CodeIgniter.php(936): App\Controllers\Transaction\Stock->index()
#6 D:\DEVELOPMENT\KULIAH\investory\system\CodeIgniter.php(432): CodeIgniter\CodeIgniter->runController(Object(App\Controllers\Transaction\Stock))
#7 D:\DEVELOPMENT\KULIAH\investory\system\CodeIgniter.php(333): CodeIgniter\CodeIgniter->handleRequest(NULL, Object(Config\Cache), false)
#8 D:\DEVELOPMENT\KULIAH\investory\public\index.php(44): CodeIgniter\CodeIgniter->run()
#9 D:\DEVELOPMENT\KULIAH\investory\system\Commands\Server\rewrite.php(45): require_once('D:\\DEVELOPMENT\\...')
#10 {main}
CRITICAL - 2022-04-07 10:01:55 --> Undefined variable: id
#0 D:\DEVELOPMENT\KULIAH\investory\app\Controllers\Transaction\Stock.php(73): CodeIgniter\Debug\Exceptions->errorHandler(8, 'Undefined varia...', 'D:\\DEVELOPMENT\\...', 73, Array)
#1 D:\DEVELOPMENT\KULIAH\investory\system\CodeIgniter.php(936): App\Controllers\Transaction\Stock->view()
#2 D:\DEVELOPMENT\KULIAH\investory\system\CodeIgniter.php(432): CodeIgniter\CodeIgniter->runController(Object(App\Controllers\Transaction\Stock))
#3 D:\DEVELOPMENT\KULIAH\investory\system\CodeIgniter.php(333): CodeIgniter\CodeIgniter->handleRequest(NULL, Object(Config\Cache), false)
#4 D:\DEVELOPMENT\KULIAH\investory\public\index.php(44): CodeIgniter\CodeIgniter->run()
#5 D:\DEVELOPMENT\KULIAH\investory\system\Commands\Server\rewrite.php(45): require_once('D:\\DEVELOPMENT\\...')
#6 {main}
CRITICAL - 2022-04-07 10:02:19 --> Too few arguments to function App\Controllers\Transaction\Stock::view(), 0 passed in D:\DEVELOPMENT\KULIAH\investory\system\CodeIgniter.php on line 936 and exactly 1 expected
#0 D:\DEVELOPMENT\KULIAH\investory\system\CodeIgniter.php(936): App\Controllers\Transaction\Stock->view()
#1 D:\DEVELOPMENT\KULIAH\investory\system\CodeIgniter.php(432): CodeIgniter\CodeIgniter->runController(Object(App\Controllers\Transaction\Stock))
#2 D:\DEVELOPMENT\KULIAH\investory\system\CodeIgniter.php(333): CodeIgniter\CodeIgniter->handleRequest(NULL, Object(Config\Cache), false)
#3 D:\DEVELOPMENT\KULIAH\investory\public\index.php(44): CodeIgniter\CodeIgniter->run()
#4 D:\DEVELOPMENT\KULIAH\investory\system\Commands\Server\rewrite.php(45): require_once('D:\\DEVELOPMENT\\...')
#5 {main}
CRITICAL - 2022-04-07 10:02:25 --> Undefined variable: id
#0 D:\DEVELOPMENT\KULIAH\investory\app\Controllers\Transaction\Stock.php(73): CodeIgniter\Debug\Exceptions->errorHandler(8, 'Undefined varia...', 'D:\\DEVELOPMENT\\...', 73, Array)
#1 D:\DEVELOPMENT\KULIAH\investory\system\CodeIgniter.php(936): App\Controllers\Transaction\Stock->view()
#2 D:\DEVELOPMENT\KULIAH\investory\system\CodeIgniter.php(432): CodeIgniter\CodeIgniter->runController(Object(App\Controllers\Transaction\Stock))
#3 D:\DEVELOPMENT\KULIAH\investory\system\CodeIgniter.php(333): CodeIgniter\CodeIgniter->handleRequest(NULL, Object(Config\Cache), false)
#4 D:\DEVELOPMENT\KULIAH\investory\public\index.php(44): CodeIgniter\CodeIgniter->run()
#5 D:\DEVELOPMENT\KULIAH\investory\system\Commands\Server\rewrite.php(45): require_once('D:\\DEVELOPMENT\\...')
#6 {main}
CRITICAL - 2022-04-07 10:06:33 --> Call to undefined method App\Models\Stock::with
#0 D:\DEVELOPMENT\KULIAH\investory\app\Controllers\Transaction\Stock.php(73): CodeIgniter\Model->__call('with', Array)
#1 D:\DEVELOPMENT\KULIAH\investory\system\CodeIgniter.php(936): App\Controllers\Transaction\Stock->view('3')
#2 D:\DEVELOPMENT\KULIAH\investory\system\CodeIgniter.php(432): CodeIgniter\CodeIgniter->runController(Object(App\Controllers\Transaction\Stock))
#3 D:\DEVELOPMENT\KULIAH\investory\system\CodeIgniter.php(333): CodeIgniter\CodeIgniter->handleRequest(NULL, Object(Config\Cache), false)
#4 D:\DEVELOPMENT\KULIAH\investory\public\index.php(44): CodeIgniter\CodeIgniter->run()
#5 D:\DEVELOPMENT\KULIAH\investory\system\Commands\Server\rewrite.php(45): require_once('D:\\DEVELOPMENT\\...')
#6 {main}
CRITICAL - 2022-04-07 10:06:43 --> Call to a member function find() on null
#0 D:\DEVELOPMENT\KULIAH\investory\system\CodeIgniter.php(936): App\Controllers\Transaction\Stock->view('3')
#1 D:\DEVELOPMENT\KULIAH\investory\system\CodeIgniter.php(432): CodeIgniter\CodeIgniter->runController(Object(App\Controllers\Transaction\Stock))
#2 D:\DEVELOPMENT\KULIAH\investory\system\CodeIgniter.php(333): CodeIgniter\CodeIgniter->handleRequest(NULL, Object(Config\Cache), false)
#3 D:\DEVELOPMENT\KULIAH\investory\public\index.php(44): CodeIgniter\CodeIgniter->run()
#4 D:\DEVELOPMENT\KULIAH\investory\system\Commands\Server\rewrite.php(45): require_once('D:\\DEVELOPMENT\\...')
#5 {main}
CRITICAL - 2022-04-07 10:06:53 --> Call to a member function findAll() on null
#0 D:\DEVELOPMENT\KULIAH\investory\system\CodeIgniter.php(936): App\Controllers\Transaction\Stock->view('3')
#1 D:\DEVELOPMENT\KULIAH\investory\system\CodeIgniter.php(432): CodeIgniter\CodeIgniter->runController(Object(App\Controllers\Transaction\Stock))
#2 D:\DEVELOPMENT\KULIAH\investory\system\CodeIgniter.php(333): CodeIgniter\CodeIgniter->handleRequest(NULL, Object(Config\Cache), false)
#3 D:\DEVELOPMENT\KULIAH\investory\public\index.php(44): CodeIgniter\CodeIgniter->run()
#4 D:\DEVELOPMENT\KULIAH\investory\system\Commands\Server\rewrite.php(45): require_once('D:\\DEVELOPMENT\\...')
#5 {main}
ERROR - 2022-04-07 10:08:38 --> mysqli_sql_exception: Unknown column 'stock_id' in 'where clause' in D:\DEVELOPMENT\KULIAH\investory\system\Database\MySQLi\Connection.php:314
Stack trace:
#0 D:\DEVELOPMENT\KULIAH\investory\system\Database\MySQLi\Connection.php(314): mysqli->query('SELECT *\nFROM `...')
#1 D:\DEVELOPMENT\KULIAH\investory\system\Database\BaseConnection.php(713): CodeIgniter\Database\MySQLi\Connection->execute('SELECT *\nFROM `...')
#2 D:\DEVELOPMENT\KULIAH\investory\system\Database\BaseConnection.php(641): CodeIgniter\Database\BaseConnection->simpleQuery('SELECT *\nFROM `...')
#3 D:\DEVELOPMENT\KULIAH\investory\system\Database\BaseBuilder.php(1866): CodeIgniter\Database\BaseConnection->query('SELECT *\nFROM `...', Array, false)
#4 D:\DEVELOPMENT\KULIAH\investory\system\Model.php(213): CodeIgniter\Database\BaseBuilder->get()
#5 D:\DEVELOPMENT\KULIAH\investory\system\BaseModel.php(583): CodeIgniter\Model->doFindAll(0, 0)
#6 D:\DEVELOPMENT\KULIAH\investory\app\Controllers\Transaction\Stock.php(75): CodeIgniter\BaseModel->findAll()
#7 D:\DEVELOPMENT\KULIAH\investory\system\CodeIgniter.php(936): App\Controllers\Transaction\Stock->view('3')
#8 D:\DEVELOPMENT\KULIAH\investory\system\CodeIgniter.php(432): CodeIgniter\CodeIgniter->runController(Object(App\Controllers\Transaction\Stock))
#9 D:\DEVELOPMENT\KULIAH\investory\system\CodeIgniter.php(333): CodeIgniter\CodeIgniter->handleRequest(NULL, Object(Config\Cache), false)
#10 D:\DEVELOPMENT\KULIAH\investory\public\index.php(44): CodeIgniter\CodeIgniter->run()
#11 D:\DEVELOPMENT\KULIAH\investory\system\Commands\Server\rewrite.php(45): require_once('D:\\DEVELOPMENT\\...')
#12 {main}
CRITICAL - 2022-04-07 10:08:38 --> Unknown column 'stock_id' in 'where clause'
#0 D:\DEVELOPMENT\KULIAH\investory\system\Database\MySQLi\Connection.php(314): mysqli->query('SELECT *\nFROM `...')
#1 D:\DEVELOPMENT\KULIAH\investory\system\Database\BaseConnection.php(713): CodeIgniter\Database\MySQLi\Connection->execute('SELECT *\nFROM `...')
#2 D:\DEVELOPMENT\KULIAH\investory\system\Database\BaseConnection.php(641): CodeIgniter\Database\BaseConnection->simpleQuery('SELECT *\nFROM `...')
#3 D:\DEVELOPMENT\KULIAH\investory\system\Database\BaseBuilder.php(1866): CodeIgniter\Database\BaseConnection->query('SELECT *\nFROM `...', Array, false)
#4 D:\DEVELOPMENT\KULIAH\investory\system\Model.php(213): CodeIgniter\Database\BaseBuilder->get()
#5 D:\DEVELOPMENT\KULIAH\investory\system\BaseModel.php(583): CodeIgniter\Model->doFindAll(0, 0)
#6 D:\DEVELOPMENT\KULIAH\investory\app\Controllers\Transaction\Stock.php(75): CodeIgniter\BaseModel->findAll()
#7 D:\DEVELOPMENT\KULIAH\investory\system\CodeIgniter.php(936): App\Controllers\Transaction\Stock->view('3')
#8 D:\DEVELOPMENT\KULIAH\investory\system\CodeIgniter.php(432): CodeIgniter\CodeIgniter->runController(Object(App\Controllers\Transaction\Stock))
#9 D:\DEVELOPMENT\KULIAH\investory\system\CodeIgniter.php(333): CodeIgniter\CodeIgniter->handleRequest(NULL, Object(Config\Cache), false)
#10 D:\DEVELOPMENT\KULIAH\investory\public\index.php(44): CodeIgniter\CodeIgniter->run()
#11 D:\DEVELOPMENT\KULIAH\investory\system\Commands\Server\rewrite.php(45): require_once('D:\\DEVELOPMENT\\...')
#12 {main}
CRITICAL - 2022-04-07 11:23:04 --> Undefined property: App\Controllers\Transaction\Stockout::$db
#0 D:\DEVELOPMENT\KULIAH\investory\app\Controllers\Transaction\Stockout.php(87): CodeIgniter\Debug\Exceptions->errorHandler(8, 'Undefined prope...', 'D:\\DEVELOPMENT\\...', 87, Array)
#1 D:\DEVELOPMENT\KULIAH\investory\system\CodeIgniter.php(936): App\Controllers\Transaction\Stockout->getStock('2')
#2 D:\DEVELOPMENT\KULIAH\investory\system\CodeIgniter.php(432): CodeIgniter\CodeIgniter->runController(Object(App\Controllers\Transaction\Stockout))
#3 D:\DEVELOPMENT\KULIAH\investory\system\CodeIgniter.php(333): CodeIgniter\CodeIgniter->handleRequest(NULL, Object(Config\Cache), false)
#4 D:\DEVELOPMENT\KULIAH\investory\public\index.php(44): CodeIgniter\CodeIgniter->run()
#5 D:\DEVELOPMENT\KULIAH\investory\system\Commands\Server\rewrite.php(45): require_once('D:\\DEVELOPMENT\\...')
#6 {main}
CRITICAL - 2022-04-07 11:24:34 --> Call to undefined method CodeIgniter\Database\MySQLi\Result::findAll()
#0 D:\DEVELOPMENT\KULIAH\investory\system\CodeIgniter.php(936): App\Controllers\Transaction\Stockout->getStock('2')
#1 D:\DEVELOPMENT\KULIAH\investory\system\CodeIgniter.php(432): CodeIgniter\CodeIgniter->runController(Object(App\Controllers\Transaction\Stockout))
#2 D:\DEVELOPMENT\KULIAH\investory\system\CodeIgniter.php(333): CodeIgniter\CodeIgniter->handleRequest(NULL, Object(Config\Cache), false)
#3 D:\DEVELOPMENT\KULIAH\investory\public\index.php(44): CodeIgniter\CodeIgniter->run()
#4 D:\DEVELOPMENT\KULIAH\investory\system\Commands\Server\rewrite.php(45): require_once('D:\\DEVELOPMENT\\...')
#5 {main}
ERROR - 2022-04-07 11:27:13 --> mysqli_sql_exception: Column 'type' in where clause is ambiguous in D:\DEVELOPMENT\KULIAH\investory\system\Database\MySQLi\Connection.php:314
Stack trace:
#0 D:\DEVELOPMENT\KULIAH\investory\system\Database\MySQLi\Connection.php(314): mysqli->query('SELECT\r\n\t\t\t\t\tpr...')
#1 D:\DEVELOPMENT\KULIAH\investory\system\Database\BaseConnection.php(713): CodeIgniter\Database\MySQLi\Connection->execute('SELECT\r\n\t\t\t\t\tpr...')
#2 D:\DEVELOPMENT\KULIAH\investory\system\Database\BaseConnection.php(641): CodeIgniter\Database\BaseConnection->simpleQuery('SELECT\r\n\t\t\t\t\tpr...')
#3 D:\DEVELOPMENT\KULIAH\investory\app\Controllers\Transaction\Stockout.php(96): CodeIgniter\Database\BaseConnection->query('SELECT\r\n\t\t\t\t\tpr...')
#4 D:\DEVELOPMENT\KULIAH\investory\system\CodeIgniter.php(936): App\Controllers\Transaction\Stockout->getStock('2')
#5 D:\DEVELOPMENT\KULIAH\investory\system\CodeIgniter.php(432): CodeIgniter\CodeIgniter->runController(Object(App\Controllers\Transaction\Stockout))
#6 D:\DEVELOPMENT\KULIAH\investory\system\CodeIgniter.php(333): CodeIgniter\CodeIgniter->handleRequest(NULL, Object(Config\Cache), false)
#7 D:\DEVELOPMENT\KULIAH\investory\public\index.php(44): CodeIgniter\CodeIgniter->run()
#8 D:\DEVELOPMENT\KULIAH\investory\system\Commands\Server\rewrite.php(45): require_once('D:\\DEVELOPMENT\\...')
#9 {main}
CRITICAL - 2022-04-07 11:27:13 --> Column 'type' in where clause is ambiguous
#0 D:\DEVELOPMENT\KULIAH\investory\system\Database\MySQLi\Connection.php(314): mysqli->query('SELECT\r\n\t\t\t\t\tpr...')
#1 D:\DEVELOPMENT\KULIAH\investory\system\Database\BaseConnection.php(713): CodeIgniter\Database\MySQLi\Connection->execute('SELECT\r\n\t\t\t\t\tpr...')
#2 D:\DEVELOPMENT\KULIAH\investory\system\Database\BaseConnection.php(641): CodeIgniter\Database\BaseConnection->simpleQuery('SELECT\r\n\t\t\t\t\tpr...')
#3 D:\DEVELOPMENT\KULIAH\investory\app\Controllers\Transaction\Stockout.php(96): CodeIgniter\Database\BaseConnection->query('SELECT\r\n\t\t\t\t\tpr...')
#4 D:\DEVELOPMENT\KULIAH\investory\system\CodeIgniter.php(936): App\Controllers\Transaction\Stockout->getStock('2')
#5 D:\DEVELOPMENT\KULIAH\investory\system\CodeIgniter.php(432): CodeIgniter\CodeIgniter->runController(Object(App\Controllers\Transaction\Stockout))
#6 D:\DEVELOPMENT\KULIAH\investory\system\CodeIgniter.php(333): CodeIgniter\CodeIgniter->handleRequest(NULL, Object(Config\Cache), false)
#7 D:\DEVELOPMENT\KULIAH\investory\public\index.php(44): CodeIgniter\CodeIgniter->run()
#8 D:\DEVELOPMENT\KULIAH\investory\system\Commands\Server\rewrite.php(45): require_once('D:\\DEVELOPMENT\\...')
#9 {main}
ERROR - 2022-04-07 11:27:18 --> mysqli_sql_exception: Column 'type' in where clause is ambiguous in D:\DEVELOPMENT\KULIAH\investory\system\Database\MySQLi\Connection.php:314
Stack trace:
#0 D:\DEVELOPMENT\KULIAH\investory\system\Database\MySQLi\Connection.php(314): mysqli->query('SELECT\r\n\t\t\t\t\tpr...')
#1 D:\DEVELOPMENT\KULIAH\investory\system\Database\BaseConnection.php(713): CodeIgniter\Database\MySQLi\Connection->execute('SELECT\r\n\t\t\t\t\tpr...')
#2 D:\DEVELOPMENT\KULIAH\investory\system\Database\BaseConnection.php(641): CodeIgniter\Database\BaseConnection->simpleQuery('SELECT\r\n\t\t\t\t\tpr...')
#3 D:\DEVELOPMENT\KULIAH\investory\app\Controllers\Transaction\Stockout.php(96): CodeIgniter\Database\BaseConnection->query('SELECT\r\n\t\t\t\t\tpr...')
#4 D:\DEVELOPMENT\KULIAH\investory\system\CodeIgniter.php(936): App\Controllers\Transaction\Stockout->getStock('2')
#5 D:\DEVELOPMENT\KULIAH\investory\system\CodeIgniter.php(432): CodeIgniter\CodeIgniter->runController(Object(App\Controllers\Transaction\Stockout))
#6 D:\DEVELOPMENT\KULIAH\investory\system\CodeIgniter.php(333): CodeIgniter\CodeIgniter->handleRequest(NULL, Object(Config\Cache), false)
#7 D:\DEVELOPMENT\KULIAH\investory\public\index.php(44): CodeIgniter\CodeIgniter->run()
#8 D:\DEVELOPMENT\KULIAH\investory\system\Commands\Server\rewrite.php(45): require_once('D:\\DEVELOPMENT\\...')
#9 {main}
CRITICAL - 2022-04-07 11:27:18 --> Column 'type' in where clause is ambiguous
#0 D:\DEVELOPMENT\KULIAH\investory\system\Database\MySQLi\Connection.php(314): mysqli->query('SELECT\r\n\t\t\t\t\tpr...')
#1 D:\DEVELOPMENT\KULIAH\investory\system\Database\BaseConnection.php(713): CodeIgniter\Database\MySQLi\Connection->execute('SELECT\r\n\t\t\t\t\tpr...')
#2 D:\DEVELOPMENT\KULIAH\investory\system\Database\BaseConnection.php(641): CodeIgniter\Database\BaseConnection->simpleQuery('SELECT\r\n\t\t\t\t\tpr...')
#3 D:\DEVELOPMENT\KULIAH\investory\app\Controllers\Transaction\Stockout.php(96): CodeIgniter\Database\BaseConnection->query('SELECT\r\n\t\t\t\t\tpr...')
#4 D:\DEVELOPMENT\KULIAH\investory\system\CodeIgniter.php(936): App\Controllers\Transaction\Stockout->getStock('2')
#5 D:\DEVELOPMENT\KULIAH\investory\system\CodeIgniter.php(432): CodeIgniter\CodeIgniter->runController(Object(App\Controllers\Transaction\Stockout))
#6 D:\DEVELOPMENT\KULIAH\investory\system\CodeIgniter.php(333): CodeIgniter\CodeIgniter->handleRequest(NULL, Object(Config\Cache), false)
#7 D:\DEVELOPMENT\KULIAH\investory\public\index.php(44): CodeIgniter\CodeIgniter->run()
#8 D:\DEVELOPMENT\KULIAH\investory\system\Commands\Server\rewrite.php(45): require_once('D:\\DEVELOPMENT\\...')
#9 {main}
CRITICAL - 2022-04-07 11:32:38 --> Undefined offset: 0
#0 D:\DEVELOPMENT\KULIAH\investory\system\Router\RouteCollection.php(1328): CodeIgniter\Debug\Exceptions->errorHandler(8, 'Undefined offse...', 'D:\\DEVELOPMENT\\...', 1328, Array)
#1 D:\DEVELOPMENT\KULIAH\investory\system\Router\RouteCollection.php(1200): CodeIgniter\Router\RouteCollection->fillRouteParams('stock-outs/get-...', Array)
#2 D:\DEVELOPMENT\KULIAH\investory\system\Common.php(979): CodeIgniter\Router\RouteCollection->reverseRoute('stock-get')
#3 D:\DEVELOPMENT\KULIAH\investory\app\Views\transaction\stock_out\add.php(153): route_to('stock-get')
#4 D:\DEVELOPMENT\KULIAH\investory\system\View\View.php(220): include('D:\\DEVELOPMENT\\...')
#5 D:\DEVELOPMENT\KULIAH\investory\system\View\View.php(222): CodeIgniter\View\View->CodeIgniter\View\{closure}()
#6 D:\DEVELOPMENT\KULIAH\investory\system\Common.php(1217): CodeIgniter\View\View->render('transaction/sto...', Array, true)
#7 D:\DEVELOPMENT\KULIAH\investory\app\Controllers\Transaction\Stockout.php(41): view('transaction/sto...', Array)
#8 D:\DEVELOPMENT\KULIAH\investory\system\CodeIgniter.php(936): App\Controllers\Transaction\Stockout->add()
#9 D:\DEVELOPMENT\KULIAH\investory\system\CodeIgniter.php(432): CodeIgniter\CodeIgniter->runController(Object(App\Controllers\Transaction\Stockout))
#10 D:\DEVELOPMENT\KULIAH\investory\system\CodeIgniter.php(333): CodeIgniter\CodeIgniter->handleRequest(NULL, Object(Config\Cache), false)
#11 D:\DEVELOPMENT\KULIAH\investory\public\index.php(44): CodeIgniter\CodeIgniter->run()
#12 D:\DEVELOPMENT\KULIAH\investory\system\Commands\Server\rewrite.php(45): require_once('D:\\DEVELOPMENT\\...')
#13 {main}
CRITICAL - 2022-04-07 11:32:46 --> Undefined offset: 0
#0 D:\DEVELOPMENT\KULIAH\investory\system\Router\RouteCollection.php(1328): CodeIgniter\Debug\Exceptions->errorHandler(8, 'Undefined offse...', 'D:\\DEVELOPMENT\\...', 1328, Array)
#1 D:\DEVELOPMENT\KULIAH\investory\system\Router\RouteCollection.php(1200): CodeIgniter\Router\RouteCollection->fillRouteParams('stock-outs/get-...', Array)
#2 D:\DEVELOPMENT\KULIAH\investory\system\Common.php(979): CodeIgniter\Router\RouteCollection->reverseRoute('stock-get')
#3 D:\DEVELOPMENT\KULIAH\investory\app\Views\transaction\stock_out\add.php(153): route_to('stock-get')
#4 D:\DEVELOPMENT\KULIAH\investory\system\View\View.php(220): include('D:\\DEVELOPMENT\\...')
#5 D:\DEVELOPMENT\KULIAH\investory\system\View\View.php(222): CodeIgniter\View\View->CodeIgniter\View\{closure}()
#6 D:\DEVELOPMENT\KULIAH\investory\system\Common.php(1217): CodeIgniter\View\View->render('transaction/sto...', Array, true)
#7 D:\DEVELOPMENT\KULIAH\investory\app\Controllers\Transaction\Stockout.php(41): view('transaction/sto...', Array)
#8 D:\DEVELOPMENT\KULIAH\investory\system\CodeIgniter.php(936): App\Controllers\Transaction\Stockout->add()
#9 D:\DEVELOPMENT\KULIAH\investory\system\CodeIgniter.php(432): CodeIgniter\CodeIgniter->runController(Object(App\Controllers\Transaction\Stockout))
#10 D:\DEVELOPMENT\KULIAH\investory\system\CodeIgniter.php(333): CodeIgniter\CodeIgniter->handleRequest(NULL, Object(Config\Cache), false)
#11 D:\DEVELOPMENT\KULIAH\investory\public\index.php(44): CodeIgniter\CodeIgniter->run()
#12 D:\DEVELOPMENT\KULIAH\investory\system\Commands\Server\rewrite.php(45): require_once('D:\\DEVELOPMENT\\...')
#13 {main}
CRITICAL - 2022-04-07 11:32:48 --> Undefined offset: 0
#0 D:\DEVELOPMENT\KULIAH\investory\system\Router\RouteCollection.php(1328): CodeIgniter\Debug\Exceptions->errorHandler(8, 'Undefined offse...', 'D:\\DEVELOPMENT\\...', 1328, Array)
#1 D:\DEVELOPMENT\KULIAH\investory\system\Router\RouteCollection.php(1200): CodeIgniter\Router\RouteCollection->fillRouteParams('stock-outs/get-...', Array)
#2 D:\DEVELOPMENT\KULIAH\investory\system\Common.php(979): CodeIgniter\Router\RouteCollection->reverseRoute('stock-get')
#3 D:\DEVELOPMENT\KULIAH\investory\app\Views\transaction\stock_out\add.php(153): route_to('stock-get')
#4 D:\DEVELOPMENT\KULIAH\investory\system\View\View.php(220): include('D:\\DEVELOPMENT\\...')
#5 D:\DEVELOPMENT\KULIAH\investory\system\View\View.php(222): CodeIgniter\View\View->CodeIgniter\View\{closure}()
#6 D:\DEVELOPMENT\KULIAH\investory\system\Common.php(1217): CodeIgniter\View\View->render('transaction/sto...', Array, true)
#7 D:\DEVELOPMENT\KULIAH\investory\app\Controllers\Transaction\Stockout.php(41): view('transaction/sto...', Array)
#8 D:\DEVELOPMENT\KULIAH\investory\system\CodeIgniter.php(936): App\Controllers\Transaction\Stockout->add()
#9 D:\DEVELOPMENT\KULIAH\investory\system\CodeIgniter.php(432): CodeIgniter\CodeIgniter->runController(Object(App\Controllers\Transaction\Stockout))
#10 D:\DEVELOPMENT\KULIAH\investory\system\CodeIgniter.php(333): CodeIgniter\CodeIgniter->handleRequest(NULL, Object(Config\Cache), false)
#11 D:\DEVELOPMENT\KULIAH\investory\public\index.php(44): CodeIgniter\CodeIgniter->run()
#12 D:\DEVELOPMENT\KULIAH\investory\system\Commands\Server\rewrite.php(45): require_once('D:\\DEVELOPMENT\\...')
#13 {main}
CRITICAL - 2022-04-07 11:33:54 --> Undefined offset: 0
#0 D:\DEVELOPMENT\KULIAH\investory\system\Router\RouteCollection.php(1328): CodeIgniter\Debug\Exceptions->errorHandler(8, 'Undefined offse...', 'D:\\DEVELOPMENT\\...', 1328, Array)
#1 D:\DEVELOPMENT\KULIAH\investory\system\Router\RouteCollection.php(1200): CodeIgniter\Router\RouteCollection->fillRouteParams('stock-outs/get-...', Array)
#2 D:\DEVELOPMENT\KULIAH\investory\system\Common.php(979): CodeIgniter\Router\RouteCollection->reverseRoute('stock-get')
#3 D:\DEVELOPMENT\KULIAH\investory\app\Views\transaction\stock_out\add.php(153): route_to('stock-get')
#4 D:\DEVELOPMENT\KULIAH\investory\system\View\View.php(220): include('D:\\DEVELOPMENT\\...')
#5 D:\DEVELOPMENT\KULIAH\investory\system\View\View.php(222): CodeIgniter\View\View->CodeIgniter\View\{closure}()
#6 D:\DEVELOPMENT\KULIAH\investory\system\Common.php(1217): CodeIgniter\View\View->render('transaction/sto...', Array, true)
#7 D:\DEVELOPMENT\KULIAH\investory\app\Controllers\Transaction\Stockout.php(41): view('transaction/sto...', Array)
#8 D:\DEVELOPMENT\KULIAH\investory\system\CodeIgniter.php(936): App\Controllers\Transaction\Stockout->add()
#9 D:\DEVELOPMENT\KULIAH\investory\system\CodeIgniter.php(432): CodeIgniter\CodeIgniter->runController(Object(App\Controllers\Transaction\Stockout))
#10 D:\DEVELOPMENT\KULIAH\investory\system\CodeIgniter.php(333): CodeIgniter\CodeIgniter->handleRequest(NULL, Object(Config\Cache), false)
#11 D:\DEVELOPMENT\KULIAH\investory\public\index.php(44): CodeIgniter\CodeIgniter->run()
#12 D:\DEVELOPMENT\KULIAH\investory\system\Commands\Server\rewrite.php(45): require_once('D:\\DEVELOPMENT\\...')
#13 {main}
CRITICAL - 2022-04-07 11:35:02 --> Undefined offset: 0
#0 D:\DEVELOPMENT\KULIAH\investory\system\Router\RouteCollection.php(1328): CodeIgniter\Debug\Exceptions->errorHandler(8, 'Undefined offse...', 'D:\\DEVELOPMENT\\...', 1328, Array)
#1 D:\DEVELOPMENT\KULIAH\investory\system\Router\RouteCollection.php(1200): CodeIgniter\Router\RouteCollection->fillRouteParams('stock-outs/get-...', Array)
#2 D:\DEVELOPMENT\KULIAH\investory\system\Common.php(979): CodeIgniter\Router\RouteCollection->reverseRoute('stock-get')
#3 D:\DEVELOPMENT\KULIAH\investory\app\Views\transaction\stock_out\add.php(153): route_to('stock-get')
#4 D:\DEVELOPMENT\KULIAH\investory\system\View\View.php(220): include('D:\\DEVELOPMENT\\...')
#5 D:\DEVELOPMENT\KULIAH\investory\system\View\View.php(222): CodeIgniter\View\View->CodeIgniter\View\{closure}()
#6 D:\DEVELOPMENT\KULIAH\investory\system\Common.php(1217): CodeIgniter\View\View->render('transaction/sto...', Array, true)
#7 D:\DEVELOPMENT\KULIAH\investory\app\Controllers\Transaction\Stockout.php(41): view('transaction/sto...', Array)
#8 D:\DEVELOPMENT\KULIAH\investory\system\CodeIgniter.php(936): App\Controllers\Transaction\Stockout->add()
#9 D:\DEVELOPMENT\KULIAH\investory\system\CodeIgniter.php(432): CodeIgniter\CodeIgniter->runController(Object(App\Controllers\Transaction\Stockout))
#10 D:\DEVELOPMENT\KULIAH\investory\system\CodeIgniter.php(333): CodeIgniter\CodeIgniter->handleRequest(NULL, Object(Config\Cache), false)
#11 D:\DEVELOPMENT\KULIAH\investory\public\index.php(44): CodeIgniter\CodeIgniter->run()
#12 D:\DEVELOPMENT\KULIAH\investory\system\Commands\Server\rewrite.php(45): require_once('D:\\DEVELOPMENT\\...')
#13 {main}
CRITICAL - 2022-04-07 11:35:07 --> Undefined offset: 0
#0 D:\DEVELOPMENT\KULIAH\investory\system\Router\RouteCollection.php(1328): CodeIgniter\Debug\Exceptions->errorHandler(8, 'Undefined offse...', 'D:\\DEVELOPMENT\\...', 1328, Array)
#1 D:\DEVELOPMENT\KULIAH\investory\system\Router\RouteCollection.php(1200): CodeIgniter\Router\RouteCollection->fillRouteParams('stock-outs/get-...', Array)
#2 D:\DEVELOPMENT\KULIAH\investory\system\Common.php(979): CodeIgniter\Router\RouteCollection->reverseRoute('stock-get')
#3 D:\DEVELOPMENT\KULIAH\investory\app\Views\transaction\stock_out\add.php(153): route_to('stock-get')
#4 D:\DEVELOPMENT\KULIAH\investory\system\View\View.php(220): include('D:\\DEVELOPMENT\\...')
#5 D:\DEVELOPMENT\KULIAH\investory\system\View\View.php(222): CodeIgniter\View\View->CodeIgniter\View\{closure}()
#6 D:\DEVELOPMENT\KULIAH\investory\system\Common.php(1217): CodeIgniter\View\View->render('transaction/sto...', Array, true)
#7 D:\DEVELOPMENT\KULIAH\investory\app\Controllers\Transaction\Stockout.php(41): view('transaction/sto...', Array)
#8 D:\DEVELOPMENT\KULIAH\investory\system\CodeIgniter.php(936): App\Controllers\Transaction\Stockout->add()
#9 D:\DEVELOPMENT\KULIAH\investory\system\CodeIgniter.php(432): CodeIgniter\CodeIgniter->runController(Object(App\Controllers\Transaction\Stockout))
#10 D:\DEVELOPMENT\KULIAH\investory\system\CodeIgniter.php(333): CodeIgniter\CodeIgniter->handleRequest(NULL, Object(Config\Cache), false)
#11 D:\DEVELOPMENT\KULIAH\investory\public\index.php(44): CodeIgniter\CodeIgniter->run()
#12 D:\DEVELOPMENT\KULIAH\investory\system\Commands\Server\rewrite.php(45): require_once('D:\\DEVELOPMENT\\...')
#13 {main}
CRITICAL - 2022-04-07 11:35:26 --> Undefined offset: 0
#0 D:\DEVELOPMENT\KULIAH\investory\system\Router\RouteCollection.php(1328): CodeIgniter\Debug\Exceptions->errorHandler(8, 'Undefined offse...', 'D:\\DEVELOPMENT\\...', 1328, Array)
#1 D:\DEVELOPMENT\KULIAH\investory\system\Router\RouteCollection.php(1200): CodeIgniter\Router\RouteCollection->fillRouteParams('stock-outs/get-...', Array)
#2 D:\DEVELOPMENT\KULIAH\investory\system\Common.php(979): CodeIgniter\Router\RouteCollection->reverseRoute('stock-get')
#3 D:\DEVELOPMENT\KULIAH\investory\app\Views\transaction\stock_out\add.php(73): route_to('stock-get')
#4 D:\DEVELOPMENT\KULIAH\investory\system\View\View.php(220): include('D:\\DEVELOPMENT\\...')
#5 D:\DEVELOPMENT\KULIAH\investory\system\View\View.php(222): CodeIgniter\View\View->CodeIgniter\View\{closure}()
#6 D:\DEVELOPMENT\KULIAH\investory\system\Common.php(1217): CodeIgniter\View\View->render('transaction/sto...', Array, true)
#7 D:\DEVELOPMENT\KULIAH\investory\app\Controllers\Transaction\Stockout.php(41): view('transaction/sto...', Array)
#8 D:\DEVELOPMENT\KULIAH\investory\system\CodeIgniter.php(936): App\Controllers\Transaction\Stockout->add()
#9 D:\DEVELOPMENT\KULIAH\investory\system\CodeIgniter.php(432): CodeIgniter\CodeIgniter->runController(Object(App\Controllers\Transaction\Stockout))
#10 D:\DEVELOPMENT\KULIAH\investory\system\CodeIgniter.php(333): CodeIgniter\CodeIgniter->handleRequest(NULL, Object(Config\Cache), false)
#11 D:\DEVELOPMENT\KULIAH\investory\public\index.php(44): CodeIgniter\CodeIgniter->run()
#12 D:\DEVELOPMENT\KULIAH\investory\system\Commands\Server\rewrite.php(45): require_once('D:\\DEVELOPMENT\\...')
#13 {main}
CRITICAL - 2022-04-07 11:35:39 --> Undefined offset: 0
#0 D:\DEVELOPMENT\KULIAH\investory\system\Router\RouteCollection.php(1328): CodeIgniter\Debug\Exceptions->errorHandler(8, 'Undefined offse...', 'D:\\DEVELOPMENT\\...', 1328, Array)
#1 D:\DEVELOPMENT\KULIAH\investory\system\Router\RouteCollection.php(1200): CodeIgniter\Router\RouteCollection->fillRouteParams('stock-outs/get-...', Array)
#2 D:\DEVELOPMENT\KULIAH\investory\system\Common.php(979): CodeIgniter\Router\RouteCollection->reverseRoute('stock-get')
#3 D:\DEVELOPMENT\KULIAH\investory\app\Views\transaction\stock_out\add.php(153): route_to('stock-get')
#4 D:\DEVELOPMENT\KULIAH\investory\system\View\View.php(220): include('D:\\DEVELOPMENT\\...')
#5 D:\DEVELOPMENT\KULIAH\investory\system\View\View.php(222): CodeIgniter\View\View->CodeIgniter\View\{closure}()
#6 D:\DEVELOPMENT\KULIAH\investory\system\Common.php(1217): CodeIgniter\View\View->render('transaction/sto...', Array, true)
#7 D:\DEVELOPMENT\KULIAH\investory\app\Controllers\Transaction\Stockout.php(41): view('transaction/sto...', Array)
#8 D:\DEVELOPMENT\KULIAH\investory\system\CodeIgniter.php(936): App\Controllers\Transaction\Stockout->add()
#9 D:\DEVELOPMENT\KULIAH\investory\system\CodeIgniter.php(432): CodeIgniter\CodeIgniter->runController(Object(App\Controllers\Transaction\Stockout))
#10 D:\DEVELOPMENT\KULIAH\investory\system\CodeIgniter.php(333): CodeIgniter\CodeIgniter->handleRequest(NULL, Object(Config\Cache), false)
#11 D:\DEVELOPMENT\KULIAH\investory\public\index.php(44): CodeIgniter\CodeIgniter->run()
#12 D:\DEVELOPMENT\KULIAH\investory\system\Commands\Server\rewrite.php(45): require_once('D:\\DEVELOPMENT\\...')
#13 {main}
CRITICAL - 2022-04-07 11:35:55 --> Undefined offset: 0
#0 D:\DEVELOPMENT\KULIAH\investory\system\Router\RouteCollection.php(1328): CodeIgniter\Debug\Exceptions->errorHandler(8, 'Undefined offse...', 'D:\\DEVELOPMENT\\...', 1328, Array)
#1 D:\DEVELOPMENT\KULIAH\investory\system\Router\RouteCollection.php(1200): CodeIgniter\Router\RouteCollection->fillRouteParams('stock-outs/get-...', Array)
#2 D:\DEVELOPMENT\KULIAH\investory\system\Common.php(979): CodeIgniter\Router\RouteCollection->reverseRoute('stock-get')
#3 D:\DEVELOPMENT\KULIAH\investory\app\Views\transaction\stock_out\add.php(153): route_to('stock-get')
#4 D:\DEVELOPMENT\KULIAH\investory\system\View\View.php(220): include('D:\\DEVELOPMENT\\...')
#5 D:\DEVELOPMENT\KULIAH\investory\system\View\View.php(222): CodeIgniter\View\View->CodeIgniter\View\{closure}()
#6 D:\DEVELOPMENT\KULIAH\investory\system\Common.php(1217): CodeIgniter\View\View->render('transaction/sto...', Array, true)
#7 D:\DEVELOPMENT\KULIAH\investory\app\Controllers\Transaction\Stockout.php(41): view('transaction/sto...', Array)
#8 D:\DEVELOPMENT\KULIAH\investory\system\CodeIgniter.php(936): App\Controllers\Transaction\Stockout->add()
#9 D:\DEVELOPMENT\KULIAH\investory\system\CodeIgniter.php(432): CodeIgniter\CodeIgniter->runController(Object(App\Controllers\Transaction\Stockout))
#10 D:\DEVELOPMENT\KULIAH\investory\system\CodeIgniter.php(333): CodeIgniter\CodeIgniter->handleRequest(NULL, Object(Config\Cache), false)
#11 D:\DEVELOPMENT\KULIAH\investory\public\index.php(44): CodeIgniter\CodeIgniter->run()
#12 D:\DEVELOPMENT\KULIAH\investory\system\Commands\Server\rewrite.php(45): require_once('D:\\DEVELOPMENT\\...')
#13 {main}
CRITICAL - 2022-04-07 11:37:19 --> Undefined offset: 0
#0 D:\DEVELOPMENT\KULIAH\investory\system\Router\RouteCollection.php(1328): CodeIgniter\Debug\Exceptions->errorHandler(8, 'Undefined offse...', 'D:\\DEVELOPMENT\\...', 1328, Array)
#1 D:\DEVELOPMENT\KULIAH\investory\system\Router\RouteCollection.php(1200): CodeIgniter\Router\RouteCollection->fillRouteParams('stock-outs/get-...', Array)
#2 D:\DEVELOPMENT\KULIAH\investory\system\Common.php(979): CodeIgniter\Router\RouteCollection->reverseRoute('stock-get')
#3 D:\DEVELOPMENT\KULIAH\investory\app\Views\transaction\stock_out\add.php(153): route_to('stock-get')
#4 D:\DEVELOPMENT\KULIAH\investory\system\View\View.php(220): include('D:\\DEVELOPMENT\\...')
#5 D:\DEVELOPMENT\KULIAH\investory\system\View\View.php(222): CodeIgniter\View\View->CodeIgniter\View\{closure}()
#6 D:\DEVELOPMENT\KULIAH\investory\system\Common.php(1217): CodeIgniter\View\View->render('transaction/sto...', Array, true)
#7 D:\DEVELOPMENT\KULIAH\investory\app\Controllers\Transaction\Stockout.php(41): view('transaction/sto...', Array)
#8 D:\DEVELOPMENT\KULIAH\investory\system\CodeIgniter.php(936): App\Controllers\Transaction\Stockout->add()
#9 D:\DEVELOPMENT\KULIAH\investory\system\CodeIgniter.php(432): CodeIgniter\CodeIgniter->runController(Object(App\Controllers\Transaction\Stockout))
#10 D:\DEVELOPMENT\KULIAH\investory\system\CodeIgniter.php(333): CodeIgniter\CodeIgniter->handleRequest(NULL, Object(Config\Cache), false)
#11 D:\DEVELOPMENT\KULIAH\investory\public\index.php(44): CodeIgniter\CodeIgniter->run()
#12 D:\DEVELOPMENT\KULIAH\investory\system\Commands\Server\rewrite.php(45): require_once('D:\\DEVELOPMENT\\...')
#13 {main}
CRITICAL - 2022-04-07 11:37:20 --> Undefined offset: 0
#0 D:\DEVELOPMENT\KULIAH\investory\system\Router\RouteCollection.php(1328): CodeIgniter\Debug\Exceptions->errorHandler(8, 'Undefined offse...', 'D:\\DEVELOPMENT\\...', 1328, Array)
#1 D:\DEVELOPMENT\KULIAH\investory\system\Router\RouteCollection.php(1200): CodeIgniter\Router\RouteCollection->fillRouteParams('stock-outs/get-...', Array)
#2 D:\DEVELOPMENT\KULIAH\investory\system\Common.php(979): CodeIgniter\Router\RouteCollection->reverseRoute('stock-get')
#3 D:\DEVELOPMENT\KULIAH\investory\app\Views\transaction\stock_out\add.php(153): route_to('stock-get')
#4 D:\DEVELOPMENT\KULIAH\investory\system\View\View.php(220): include('D:\\DEVELOPMENT\\...')
#5 D:\DEVELOPMENT\KULIAH\investory\system\View\View.php(222): CodeIgniter\View\View->CodeIgniter\View\{closure}()
#6 D:\DEVELOPMENT\KULIAH\investory\system\Common.php(1217): CodeIgniter\View\View->render('transaction/sto...', Array, true)
#7 D:\DEVELOPMENT\KULIAH\investory\app\Controllers\Transaction\Stockout.php(41): view('transaction/sto...', Array)
#8 D:\DEVELOPMENT\KULIAH\investory\system\CodeIgniter.php(936): App\Controllers\Transaction\Stockout->add()
#9 D:\DEVELOPMENT\KULIAH\investory\system\CodeIgniter.php(432): CodeIgniter\CodeIgniter->runController(Object(App\Controllers\Transaction\Stockout))
#10 D:\DEVELOPMENT\KULIAH\investory\system\CodeIgniter.php(333): CodeIgniter\CodeIgniter->handleRequest(NULL, Object(Config\Cache), false)
#11 D:\DEVELOPMENT\KULIAH\investory\public\index.php(44): CodeIgniter\CodeIgniter->run()
#12 D:\DEVELOPMENT\KULIAH\investory\system\Commands\Server\rewrite.php(45): require_once('D:\\DEVELOPMENT\\...')
#13 {main}
CRITICAL - 2022-04-07 11:37:25 --> Undefined offset: 0
#0 D:\DEVELOPMENT\KULIAH\investory\system\Router\RouteCollection.php(1328): CodeIgniter\Debug\Exceptions->errorHandler(8, 'Undefined offse...', 'D:\\DEVELOPMENT\\...', 1328, Array)
#1 D:\DEVELOPMENT\KULIAH\investory\system\Router\RouteCollection.php(1200): CodeIgniter\Router\RouteCollection->fillRouteParams('stock-outs/get-...', Array)
#2 D:\DEVELOPMENT\KULIAH\investory\system\Common.php(979): CodeIgniter\Router\RouteCollection->reverseRoute('stock-get')
#3 D:\DEVELOPMENT\KULIAH\investory\app\Views\transaction\stock_out\add.php(153): route_to('stock-get')
#4 D:\DEVELOPMENT\KULIAH\investory\system\View\View.php(220): include('D:\\DEVELOPMENT\\...')
#5 D:\DEVELOPMENT\KULIAH\investory\system\View\View.php(222): CodeIgniter\View\View->CodeIgniter\View\{closure}()
#6 D:\DEVELOPMENT\KULIAH\investory\system\Common.php(1217): CodeIgniter\View\View->render('transaction/sto...', Array, true)
#7 D:\DEVELOPMENT\KULIAH\investory\app\Controllers\Transaction\Stockout.php(41): view('transaction/sto...', Array)
#8 D:\DEVELOPMENT\KULIAH\investory\system\CodeIgniter.php(936): App\Controllers\Transaction\Stockout->add()
#9 D:\DEVELOPMENT\KULIAH\investory\system\CodeIgniter.php(432): CodeIgniter\CodeIgniter->runController(Object(App\Controllers\Transaction\Stockout))
#10 D:\DEVELOPMENT\KULIAH\investory\system\CodeIgniter.php(333): CodeIgniter\CodeIgniter->handleRequest(NULL, Object(Config\Cache), false)
#11 D:\DEVELOPMENT\KULIAH\investory\public\index.php(44): CodeIgniter\CodeIgniter->run()
#12 D:\DEVELOPMENT\KULIAH\investory\system\Commands\Server\rewrite.php(45): require_once('D:\\DEVELOPMENT\\...')
#13 {main}
CRITICAL - 2022-04-07 11:37:29 --> Undefined offset: 0
#0 D:\DEVELOPMENT\KULIAH\investory\system\Router\RouteCollection.php(1328): CodeIgniter\Debug\Exceptions->errorHandler(8, 'Undefined offse...', 'D:\\DEVELOPMENT\\...', 1328, Array)
#1 D:\DEVELOPMENT\KULIAH\investory\system\Router\RouteCollection.php(1200): CodeIgniter\Router\RouteCollection->fillRouteParams('stock-outs/get-...', Array)
#2 D:\DEVELOPMENT\KULIAH\investory\system\Common.php(979): CodeIgniter\Router\RouteCollection->reverseRoute('stock-get')
#3 D:\DEVELOPMENT\KULIAH\investory\app\Views\transaction\stock_out\add.php(153): route_to('stock-get')
#4 D:\DEVELOPMENT\KULIAH\investory\system\View\View.php(220): include('D:\\DEVELOPMENT\\...')
#5 D:\DEVELOPMENT\KULIAH\investory\system\View\View.php(222): CodeIgniter\View\View->CodeIgniter\View\{closure}()
#6 D:\DEVELOPMENT\KULIAH\investory\system\Common.php(1217): CodeIgniter\View\View->render('transaction/sto...', Array, true)
#7 D:\DEVELOPMENT\KULIAH\investory\app\Controllers\Transaction\Stockout.php(41): view('transaction/sto...', Array)
#8 D:\DEVELOPMENT\KULIAH\investory\system\CodeIgniter.php(936): App\Controllers\Transaction\Stockout->add()
#9 D:\DEVELOPMENT\KULIAH\investory\system\CodeIgniter.php(432): CodeIgniter\CodeIgniter->runController(Object(App\Controllers\Transaction\Stockout))
#10 D:\DEVELOPMENT\KULIAH\investory\system\CodeIgniter.php(333): CodeIgniter\CodeIgniter->handleRequest(NULL, Object(Config\Cache), false)
#11 D:\DEVELOPMENT\KULIAH\investory\public\index.php(44): CodeIgniter\CodeIgniter->run()
#12 D:\DEVELOPMENT\KULIAH\investory\system\Commands\Server\rewrite.php(45): require_once('D:\\DEVELOPMENT\\...')
#13 {main}
CRITICAL - 2022-04-07 11:37:34 --> Undefined offset: 0
#0 D:\DEVELOPMENT\KULIAH\investory\system\Router\RouteCollection.php(1328): CodeIgniter\Debug\Exceptions->errorHandler(8, 'Undefined offse...', 'D:\\DEVELOPMENT\\...', 1328, Array)
#1 D:\DEVELOPMENT\KULIAH\investory\system\Router\RouteCollection.php(1200): CodeIgniter\Router\RouteCollection->fillRouteParams('stock-outs/get-...', Array)
#2 D:\DEVELOPMENT\KULIAH\investory\system\Common.php(979): CodeIgniter\Router\RouteCollection->reverseRoute('stock-get')
#3 D:\DEVELOPMENT\KULIAH\investory\app\Views\transaction\stock_out\add.php(153): route_to('stock-get')
#4 D:\DEVELOPMENT\KULIAH\investory\system\View\View.php(220): include('D:\\DEVELOPMENT\\...')
#5 D:\DEVELOPMENT\KULIAH\investory\system\View\View.php(222): CodeIgniter\View\View->CodeIgniter\View\{closure}()
#6 D:\DEVELOPMENT\KULIAH\investory\system\Common.php(1217): CodeIgniter\View\View->render('transaction/sto...', Array, true)
#7 D:\DEVELOPMENT\KULIAH\investory\app\Controllers\Transaction\Stockout.php(41): view('transaction/sto...', Array)
#8 D:\DEVELOPMENT\KULIAH\investory\system\CodeIgniter.php(936): App\Controllers\Transaction\Stockout->add()
#9 D:\DEVELOPMENT\KULIAH\investory\system\CodeIgniter.php(432): CodeIgniter\CodeIgniter->runController(Object(App\Controllers\Transaction\Stockout))
#10 D:\DEVELOPMENT\KULIAH\investory\system\CodeIgniter.php(333): CodeIgniter\CodeIgniter->handleRequest(NULL, Object(Config\Cache), false)
#11 D:\DEVELOPMENT\KULIAH\investory\public\index.php(44): CodeIgniter\CodeIgniter->run()
#12 D:\DEVELOPMENT\KULIAH\investory\system\Commands\Server\rewrite.php(45): require_once('D:\\DEVELOPMENT\\...')
#13 {main}
CRITICAL - 2022-04-07 11:37:37 --> Undefined offset: 0
#0 D:\DEVELOPMENT\KULIAH\investory\system\Router\RouteCollection.php(1328): CodeIgniter\Debug\Exceptions->errorHandler(8, 'Undefined offse...', 'D:\\DEVELOPMENT\\...', 1328, Array)
#1 D:\DEVELOPMENT\KULIAH\investory\system\Router\RouteCollection.php(1200): CodeIgniter\Router\RouteCollection->fillRouteParams('stock-outs/get-...', Array)
#2 D:\DEVELOPMENT\KULIAH\investory\system\Common.php(979): CodeIgniter\Router\RouteCollection->reverseRoute('stock-get')
#3 D:\DEVELOPMENT\KULIAH\investory\app\Views\transaction\stock_out\add.php(153): route_to('stock-get')
#4 D:\DEVELOPMENT\KULIAH\investory\system\View\View.php(220): include('D:\\DEVELOPMENT\\...')
#5 D:\DEVELOPMENT\KULIAH\investory\system\View\View.php(222): CodeIgniter\View\View->CodeIgniter\View\{closure}()
#6 D:\DEVELOPMENT\KULIAH\investory\system\Common.php(1217): CodeIgniter\View\View->render('transaction/sto...', Array, true)
#7 D:\DEVELOPMENT\KULIAH\investory\app\Controllers\Transaction\Stockout.php(41): view('transaction/sto...', Array)
#8 D:\DEVELOPMENT\KULIAH\investory\system\CodeIgniter.php(936): App\Controllers\Transaction\Stockout->add()
#9 D:\DEVELOPMENT\KULIAH\investory\system\CodeIgniter.php(432): CodeIgniter\CodeIgniter->runController(Object(App\Controllers\Transaction\Stockout))
#10 D:\DEVELOPMENT\KULIAH\investory\system\CodeIgniter.php(333): CodeIgniter\CodeIgniter->handleRequest(NULL, Object(Config\Cache), false)
#11 D:\DEVELOPMENT\KULIAH\investory\public\index.php(44): CodeIgniter\CodeIgniter->run()
#12 D:\DEVELOPMENT\KULIAH\investory\system\Commands\Server\rewrite.php(45): require_once('D:\\DEVELOPMENT\\...')
#13 {main}
