ERROR - 2022-04-15 10:47:58 --> Error connecting to the database: No connection could be made because the target machine actively refused it.

CRITICAL - 2022-04-15 10:47:58 --> Unable to connect to the database.
#0 D:\DEVELOPMENT\KULIAH\investory\system\Database\BaseConnection.php(618): CodeIgniter\Database\BaseConnection->initialize()
#1 D:\DEVELOPMENT\KULIAH\investory\system\Database\BaseBuilder.php(1866): CodeIgniter\Database\BaseConnection->query('SELECT *\nFROM `...', Array, false)
#2 D:\DEVELOPMENT\KULIAH\investory\system\Model.php(247): CodeIgniter\Database\BaseBuilder->get()
#3 D:\DEVELOPMENT\KULIAH\investory\system\BaseModel.php(624): CodeIgniter\Model->doFirst()
#4 D:\DEVELOPMENT\KULIAH\investory\app\Controllers\Login.php(35): CodeIgniter\BaseModel->first()
#5 D:\DEVELOPMENT\KULIAH\investory\system\CodeIgniter.php(936): App\Controllers\Login->doLogin()
#6 D:\DEVELOPMENT\KULIAH\investory\system\CodeIgniter.php(432): CodeIgniter\CodeIgniter->runController(Object(App\Controllers\Login))
#7 D:\DEVELOPMENT\KULIAH\investory\system\CodeIgniter.php(333): CodeIgniter\CodeIgniter->handleRequest(NULL, Object(Config\Cache), false)
#8 D:\DEVELOPMENT\KULIAH\investory\public\index.php(44): CodeIgniter\CodeIgniter->run()
#9 D:\DEVELOPMENT\KULIAH\investory\system\Commands\Server\rewrite.php(45): require_once('D:\\DEVELOPMENT\\...')
#10 {main}
CRITICAL - 2022-04-15 10:56:53 --> Array to string conversion
#0 D:\DEVELOPMENT\KULIAH\investory\app\Views\index.php(39): CodeIgniter\Debug\Exceptions->errorHandler(8, 'Array to string...', 'D:\\DEVELOPMENT\\...', 39, Array)
#1 D:\DEVELOPMENT\KULIAH\investory\system\View\View.php(220): include('D:\\DEVELOPMENT\\...')
#2 D:\DEVELOPMENT\KULIAH\investory\system\View\View.php(222): CodeIgniter\View\View->CodeIgniter\View\{closure}()
#3 D:\DEVELOPMENT\KULIAH\investory\system\Common.php(1217): CodeIgniter\View\View->render('index', Array, true)
#4 D:\DEVELOPMENT\KULIAH\investory\app\Controllers\Home.php(57): view('index', Array)
#5 D:\DEVELOPMENT\KULIAH\investory\system\CodeIgniter.php(936): App\Controllers\Home->index()
#6 D:\DEVELOPMENT\KULIAH\investory\system\CodeIgniter.php(432): CodeIgniter\CodeIgniter->runController(Object(App\Controllers\Home))
#7 D:\DEVELOPMENT\KULIAH\investory\system\CodeIgniter.php(333): CodeIgniter\CodeIgniter->handleRequest(NULL, Object(Config\Cache), false)
#8 D:\DEVELOPMENT\KULIAH\investory\public\index.php(44): CodeIgniter\CodeIgniter->run()
#9 D:\DEVELOPMENT\KULIAH\investory\system\Commands\Server\rewrite.php(45): require_once('D:\\DEVELOPMENT\\...')
#10 {main}
CRITICAL - 2022-04-15 10:57:13 --> Array to string conversion
#0 D:\DEVELOPMENT\KULIAH\investory\app\Views\index.php(39): CodeIgniter\Debug\Exceptions->errorHandler(8, 'Array to string...', 'D:\\DEVELOPMENT\\...', 39, Array)
#1 D:\DEVELOPMENT\KULIAH\investory\system\View\View.php(220): include('D:\\DEVELOPMENT\\...')
#2 D:\DEVELOPMENT\KULIAH\investory\system\View\View.php(222): CodeIgniter\View\View->CodeIgniter\View\{closure}()
#3 D:\DEVELOPMENT\KULIAH\investory\system\Common.php(1217): CodeIgniter\View\View->render('index', Array, true)
#4 D:\DEVELOPMENT\KULIAH\investory\app\Controllers\Home.php(57): view('index', Array)
#5 D:\DEVELOPMENT\KULIAH\investory\system\CodeIgniter.php(936): App\Controllers\Home->index()
#6 D:\DEVELOPMENT\KULIAH\investory\system\CodeIgniter.php(432): CodeIgniter\CodeIgniter->runController(Object(App\Controllers\Home))
#7 D:\DEVELOPMENT\KULIAH\investory\system\CodeIgniter.php(333): CodeIgniter\CodeIgniter->handleRequest(NULL, Object(Config\Cache), false)
#8 D:\DEVELOPMENT\KULIAH\investory\public\index.php(44): CodeIgniter\CodeIgniter->run()
#9 D:\DEVELOPMENT\KULIAH\investory\system\Commands\Server\rewrite.php(45): require_once('D:\\DEVELOPMENT\\...')
#10 {main}
