ERROR - 2022-04-06 07:23:36 --> Error connecting to the database: No connection could be made because the target machine actively refused it.

CRITICAL - 2022-04-06 07:23:36 --> Unable to connect to the database.
#0 D:\DEVELOPMENT\KULIAH\investory\system\Database\BaseConnection.php(618): CodeIgniter\Database\BaseConnection->initialize()
#1 D:\DEVELOPMENT\KULIAH\investory\system\Database\BaseBuilder.php(1866): CodeIgniter\Database\BaseConnection->query('SELECT *\nFROM `...', Array, false)
#2 D:\DEVELOPMENT\KULIAH\investory\system\Model.php(247): CodeIgniter\Database\BaseBuilder->get()
#3 D:\DEVELOPMENT\KULIAH\investory\system\BaseModel.php(624): CodeIgniter\Model->doFirst()
#4 D:\DEVELOPMENT\KULIAH\investory\app\Controllers\Login.php(35): CodeIgniter\BaseModel->first()
#5 D:\DEVELOPMENT\KULIAH\investory\system\CodeIgniter.php(936): App\Controllers\Login->doLogin()
#6 D:\DEVELOPMENT\KULIAH\investory\system\CodeIgniter.php(432): CodeIgniter\CodeIgniter->runController(Object(App\Controllers\Login))
#7 D:\DEVELOPMENT\KULIAH\investory\system\CodeIgniter.php(333): CodeIgniter\CodeIgniter->handleRequest(NULL, Object(Config\Cache), false)
#8 D:\DEVELOPMENT\KULIAH\investory\public\index.php(44): CodeIgniter\CodeIgniter->run()
#9 D:\DEVELOPMENT\KULIAH\investory\system\Commands\Server\rewrite.php(45): require_once('D:\\DEVELOPMENT\\...')
#10 {main}
CRITICAL - 2022-04-06 08:22:15 --> Non-static method CodeIgniter\BaseModel::findAll() should not be called statically
#0 D:\DEVELOPMENT\KULIAH\investory\app\Controllers\Transaction\Stock.php(35): CodeIgniter\Debug\Exceptions->errorHandler(8192, 'Non-static meth...', 'D:\\DEVELOPMENT\\...', 35, Array)
#1 D:\DEVELOPMENT\KULIAH\investory\system\CodeIgniter.php(936): App\Controllers\Transaction\Stock->add()
#2 D:\DEVELOPMENT\KULIAH\investory\system\CodeIgniter.php(432): CodeIgniter\CodeIgniter->runController(Object(App\Controllers\Transaction\Stock))
#3 D:\DEVELOPMENT\KULIAH\investory\system\CodeIgniter.php(333): CodeIgniter\CodeIgniter->handleRequest(NULL, Object(Config\Cache), false)
#4 D:\DEVELOPMENT\KULIAH\investory\public\index.php(44): CodeIgniter\CodeIgniter->run()
#5 D:\DEVELOPMENT\KULIAH\investory\system\Commands\Server\rewrite.php(45): require_once('D:\\DEVELOPMENT\\...')
#6 {main}
CRITICAL - 2022-04-06 08:31:18 --> Array to string conversion
#0 D:\DEVELOPMENT\KULIAH\investory\app\Views\transaction\add.php(69): CodeIgniter\Debug\Exceptions->errorHandler(8, 'Array to string...', 'D:\\DEVELOPMENT\\...', 69, Array)
#1 D:\DEVELOPMENT\KULIAH\investory\system\View\View.php(220): include('D:\\DEVELOPMENT\\...')
#2 D:\DEVELOPMENT\KULIAH\investory\system\View\View.php(222): CodeIgniter\View\View->CodeIgniter\View\{closure}()
#3 D:\DEVELOPMENT\KULIAH\investory\system\Common.php(1217): CodeIgniter\View\View->render('transaction/add', Array, true)
#4 D:\DEVELOPMENT\KULIAH\investory\app\Controllers\Transaction\Stock.php(39): view('transaction/add', Array)
#5 D:\DEVELOPMENT\KULIAH\investory\system\CodeIgniter.php(936): App\Controllers\Transaction\Stock->add()
#6 D:\DEVELOPMENT\KULIAH\investory\system\CodeIgniter.php(432): CodeIgniter\CodeIgniter->runController(Object(App\Controllers\Transaction\Stock))
#7 D:\DEVELOPMENT\KULIAH\investory\system\CodeIgniter.php(333): CodeIgniter\CodeIgniter->handleRequest(NULL, Object(Config\Cache), false)
#8 D:\DEVELOPMENT\KULIAH\investory\public\index.php(44): CodeIgniter\CodeIgniter->run()
#9 D:\DEVELOPMENT\KULIAH\investory\system\Commands\Server\rewrite.php(45): require_once('D:\\DEVELOPMENT\\...')
#10 {main}
CRITICAL - 2022-04-06 08:34:29 --> Array to string conversion
#0 D:\DEVELOPMENT\KULIAH\investory\app\Views\transaction\add.php(72): CodeIgniter\Debug\Exceptions->errorHandler(8, 'Array to string...', 'D:\\DEVELOPMENT\\...', 72, Array)
#1 D:\DEVELOPMENT\KULIAH\investory\system\View\View.php(220): include('D:\\DEVELOPMENT\\...')
#2 D:\DEVELOPMENT\KULIAH\investory\system\View\View.php(222): CodeIgniter\View\View->CodeIgniter\View\{closure}()
#3 D:\DEVELOPMENT\KULIAH\investory\system\Common.php(1217): CodeIgniter\View\View->render('transaction/add', Array, true)
#4 D:\DEVELOPMENT\KULIAH\investory\app\Controllers\Transaction\Stock.php(39): view('transaction/add', Array)
#5 D:\DEVELOPMENT\KULIAH\investory\system\CodeIgniter.php(936): App\Controllers\Transaction\Stock->add()
#6 D:\DEVELOPMENT\KULIAH\investory\system\CodeIgniter.php(432): CodeIgniter\CodeIgniter->runController(Object(App\Controllers\Transaction\Stock))
#7 D:\DEVELOPMENT\KULIAH\investory\system\CodeIgniter.php(333): CodeIgniter\CodeIgniter->handleRequest(NULL, Object(Config\Cache), false)
#8 D:\DEVELOPMENT\KULIAH\investory\public\index.php(44): CodeIgniter\CodeIgniter->run()
#9 D:\DEVELOPMENT\KULIAH\investory\system\Commands\Server\rewrite.php(45): require_once('D:\\DEVELOPMENT\\...')
#10 {main}
CRITICAL - 2022-04-06 08:34:34 --> Array to string conversion
#0 D:\DEVELOPMENT\KULIAH\investory\app\Views\transaction\add.php(72): CodeIgniter\Debug\Exceptions->errorHandler(8, 'Array to string...', 'D:\\DEVELOPMENT\\...', 72, Array)
#1 D:\DEVELOPMENT\KULIAH\investory\system\View\View.php(220): include('D:\\DEVELOPMENT\\...')
#2 D:\DEVELOPMENT\KULIAH\investory\system\View\View.php(222): CodeIgniter\View\View->CodeIgniter\View\{closure}()
#3 D:\DEVELOPMENT\KULIAH\investory\system\Common.php(1217): CodeIgniter\View\View->render('transaction/add', Array, true)
#4 D:\DEVELOPMENT\KULIAH\investory\app\Controllers\Transaction\Stock.php(39): view('transaction/add', Array)
#5 D:\DEVELOPMENT\KULIAH\investory\system\CodeIgniter.php(936): App\Controllers\Transaction\Stock->add()
#6 D:\DEVELOPMENT\KULIAH\investory\system\CodeIgniter.php(432): CodeIgniter\CodeIgniter->runController(Object(App\Controllers\Transaction\Stock))
#7 D:\DEVELOPMENT\KULIAH\investory\system\CodeIgniter.php(333): CodeIgniter\CodeIgniter->handleRequest(NULL, Object(Config\Cache), false)
#8 D:\DEVELOPMENT\KULIAH\investory\public\index.php(44): CodeIgniter\CodeIgniter->run()
#9 D:\DEVELOPMENT\KULIAH\investory\system\Commands\Server\rewrite.php(45): require_once('D:\\DEVELOPMENT\\...')
#10 {main}
CRITICAL - 2022-04-06 08:34:38 --> Array to string conversion
#0 D:\DEVELOPMENT\KULIAH\investory\app\Views\transaction\add.php(72): CodeIgniter\Debug\Exceptions->errorHandler(8, 'Array to string...', 'D:\\DEVELOPMENT\\...', 72, Array)
#1 D:\DEVELOPMENT\KULIAH\investory\system\View\View.php(220): include('D:\\DEVELOPMENT\\...')
#2 D:\DEVELOPMENT\KULIAH\investory\system\View\View.php(222): CodeIgniter\View\View->CodeIgniter\View\{closure}()
#3 D:\DEVELOPMENT\KULIAH\investory\system\Common.php(1217): CodeIgniter\View\View->render('transaction/add', Array, true)
#4 D:\DEVELOPMENT\KULIAH\investory\app\Controllers\Transaction\Stock.php(39): view('transaction/add', Array)
#5 D:\DEVELOPMENT\KULIAH\investory\system\CodeIgniter.php(936): App\Controllers\Transaction\Stock->add()
#6 D:\DEVELOPMENT\KULIAH\investory\system\CodeIgniter.php(432): CodeIgniter\CodeIgniter->runController(Object(App\Controllers\Transaction\Stock))
#7 D:\DEVELOPMENT\KULIAH\investory\system\CodeIgniter.php(333): CodeIgniter\CodeIgniter->handleRequest(NULL, Object(Config\Cache), false)
#8 D:\DEVELOPMENT\KULIAH\investory\public\index.php(44): CodeIgniter\CodeIgniter->run()
#9 D:\DEVELOPMENT\KULIAH\investory\system\Commands\Server\rewrite.php(45): require_once('D:\\DEVELOPMENT\\...')
#10 {main}
CRITICAL - 2022-04-06 08:34:56 --> json_decode() expects parameter 1 to be string, array given
#0 [internal function]: CodeIgniter\Debug\Exceptions->errorHandler(2, 'json_decode() e...', 'D:\\DEVELOPMENT\\...', 72, Array)
#1 D:\DEVELOPMENT\KULIAH\investory\app\Views\transaction\add.php(72): json_decode(Array)
#2 D:\DEVELOPMENT\KULIAH\investory\system\View\View.php(220): include('D:\\DEVELOPMENT\\...')
#3 D:\DEVELOPMENT\KULIAH\investory\system\View\View.php(222): CodeIgniter\View\View->CodeIgniter\View\{closure}()
#4 D:\DEVELOPMENT\KULIAH\investory\system\Common.php(1217): CodeIgniter\View\View->render('transaction/add', Array, true)
#5 D:\DEVELOPMENT\KULIAH\investory\app\Controllers\Transaction\Stock.php(39): view('transaction/add', Array)
#6 D:\DEVELOPMENT\KULIAH\investory\system\CodeIgniter.php(936): App\Controllers\Transaction\Stock->add()
#7 D:\DEVELOPMENT\KULIAH\investory\system\CodeIgniter.php(432): CodeIgniter\CodeIgniter->runController(Object(App\Controllers\Transaction\Stock))
#8 D:\DEVELOPMENT\KULIAH\investory\system\CodeIgniter.php(333): CodeIgniter\CodeIgniter->handleRequest(NULL, Object(Config\Cache), false)
#9 D:\DEVELOPMENT\KULIAH\investory\public\index.php(44): CodeIgniter\CodeIgniter->run()
#10 D:\DEVELOPMENT\KULIAH\investory\system\Commands\Server\rewrite.php(45): require_once('D:\\DEVELOPMENT\\...')
#11 {main}
CRITICAL - 2022-04-06 09:03:20 --> Trying to get property 'id' of non-object
#0 D:\DEVELOPMENT\KULIAH\investory\app\Views\master\product\index.php(88): CodeIgniter\Debug\Exceptions->errorHandler(8, 'Trying to get p...', 'D:\\DEVELOPMENT\\...', 88, Array)
#1 D:\DEVELOPMENT\KULIAH\investory\system\View\View.php(220): include('D:\\DEVELOPMENT\\...')
#2 D:\DEVELOPMENT\KULIAH\investory\system\View\View.php(222): CodeIgniter\View\View->CodeIgniter\View\{closure}()
#3 D:\DEVELOPMENT\KULIAH\investory\system\Common.php(1217): CodeIgniter\View\View->render('master/product/...', Array, true)
#4 D:\DEVELOPMENT\KULIAH\investory\app\Controllers\Master\Product.php(34): view('master/product/...', Array)
#5 D:\DEVELOPMENT\KULIAH\investory\system\CodeIgniter.php(936): App\Controllers\Master\Product->index()
#6 D:\DEVELOPMENT\KULIAH\investory\system\CodeIgniter.php(432): CodeIgniter\CodeIgniter->runController(Object(App\Controllers\Master\Product))
#7 D:\DEVELOPMENT\KULIAH\investory\system\CodeIgniter.php(333): CodeIgniter\CodeIgniter->handleRequest(NULL, Object(Config\Cache), false)
#8 D:\DEVELOPMENT\KULIAH\investory\public\index.php(44): CodeIgniter\CodeIgniter->run()
#9 D:\DEVELOPMENT\KULIAH\investory\system\Commands\Server\rewrite.php(45): require_once('D:\\DEVELOPMENT\\...')
#10 {main}
CRITICAL - 2022-04-06 09:03:42 --> Trying to access array offset on value of type null
#0 D:\DEVELOPMENT\KULIAH\investory\app\Views\master\product\index.php(88): CodeIgniter\Debug\Exceptions->errorHandler(8, 'Trying to acces...', 'D:\\DEVELOPMENT\\...', 88, Array)
#1 D:\DEVELOPMENT\KULIAH\investory\system\View\View.php(220): include('D:\\DEVELOPMENT\\...')
#2 D:\DEVELOPMENT\KULIAH\investory\system\View\View.php(222): CodeIgniter\View\View->CodeIgniter\View\{closure}()
#3 D:\DEVELOPMENT\KULIAH\investory\system\Common.php(1217): CodeIgniter\View\View->render('master/product/...', Array, true)
#4 D:\DEVELOPMENT\KULIAH\investory\app\Controllers\Master\Product.php(34): view('master/product/...', Array)
#5 D:\DEVELOPMENT\KULIAH\investory\system\CodeIgniter.php(936): App\Controllers\Master\Product->index()
#6 D:\DEVELOPMENT\KULIAH\investory\system\CodeIgniter.php(432): CodeIgniter\CodeIgniter->runController(Object(App\Controllers\Master\Product))
#7 D:\DEVELOPMENT\KULIAH\investory\system\CodeIgniter.php(333): CodeIgniter\CodeIgniter->handleRequest(NULL, Object(Config\Cache), false)
#8 D:\DEVELOPMENT\KULIAH\investory\public\index.php(44): CodeIgniter\CodeIgniter->run()
#9 D:\DEVELOPMENT\KULIAH\investory\system\Commands\Server\rewrite.php(45): require_once('D:\\DEVELOPMENT\\...')
#10 {main}
CRITICAL - 2022-04-06 09:04:32 --> Trying to access array offset on value of type null
#0 D:\DEVELOPMENT\KULIAH\investory\app\Views\master\product\index.php(90): CodeIgniter\Debug\Exceptions->errorHandler(8, 'Trying to acces...', 'D:\\DEVELOPMENT\\...', 90, Array)
#1 D:\DEVELOPMENT\KULIAH\investory\system\View\View.php(220): include('D:\\DEVELOPMENT\\...')
#2 D:\DEVELOPMENT\KULIAH\investory\system\View\View.php(222): CodeIgniter\View\View->CodeIgniter\View\{closure}()
#3 D:\DEVELOPMENT\KULIAH\investory\system\Common.php(1217): CodeIgniter\View\View->render('master/product/...', Array, true)
#4 D:\DEVELOPMENT\KULIAH\investory\app\Controllers\Master\Product.php(34): view('master/product/...', Array)
#5 D:\DEVELOPMENT\KULIAH\investory\system\CodeIgniter.php(936): App\Controllers\Master\Product->index()
#6 D:\DEVELOPMENT\KULIAH\investory\system\CodeIgniter.php(432): CodeIgniter\CodeIgniter->runController(Object(App\Controllers\Master\Product))
#7 D:\DEVELOPMENT\KULIAH\investory\system\CodeIgniter.php(333): CodeIgniter\CodeIgniter->handleRequest(NULL, Object(Config\Cache), false)
#8 D:\DEVELOPMENT\KULIAH\investory\public\index.php(44): CodeIgniter\CodeIgniter->run()
#9 D:\DEVELOPMENT\KULIAH\investory\system\Commands\Server\rewrite.php(45): require_once('D:\\DEVELOPMENT\\...')
#10 {main}
CRITICAL - 2022-04-06 09:05:23 --> Trying to access array offset on value of type null
#0 D:\DEVELOPMENT\KULIAH\investory\app\Views\master\product\index.php(90): CodeIgniter\Debug\Exceptions->errorHandler(8, 'Trying to acces...', 'D:\\DEVELOPMENT\\...', 90, Array)
#1 D:\DEVELOPMENT\KULIAH\investory\system\View\View.php(220): include('D:\\DEVELOPMENT\\...')
#2 D:\DEVELOPMENT\KULIAH\investory\system\View\View.php(222): CodeIgniter\View\View->CodeIgniter\View\{closure}()
#3 D:\DEVELOPMENT\KULIAH\investory\system\Common.php(1217): CodeIgniter\View\View->render('master/product/...', Array, true)
#4 D:\DEVELOPMENT\KULIAH\investory\app\Controllers\Master\Product.php(34): view('master/product/...', Array)
#5 D:\DEVELOPMENT\KULIAH\investory\system\CodeIgniter.php(936): App\Controllers\Master\Product->index()
#6 D:\DEVELOPMENT\KULIAH\investory\system\CodeIgniter.php(432): CodeIgniter\CodeIgniter->runController(Object(App\Controllers\Master\Product))
#7 D:\DEVELOPMENT\KULIAH\investory\system\CodeIgniter.php(333): CodeIgniter\CodeIgniter->handleRequest(NULL, Object(Config\Cache), false)
#8 D:\DEVELOPMENT\KULIAH\investory\public\index.php(44): CodeIgniter\CodeIgniter->run()
#9 D:\DEVELOPMENT\KULIAH\investory\system\Commands\Server\rewrite.php(45): require_once('D:\\DEVELOPMENT\\...')
#10 {main}
CRITICAL - 2022-04-06 09:06:17 --> Trying to access array offset on value of type null
#0 D:\DEVELOPMENT\KULIAH\investory\app\Views\master\product\index.php(88): CodeIgniter\Debug\Exceptions->errorHandler(8, 'Trying to acces...', 'D:\\DEVELOPMENT\\...', 88, Array)
#1 D:\DEVELOPMENT\KULIAH\investory\system\View\View.php(220): include('D:\\DEVELOPMENT\\...')
#2 D:\DEVELOPMENT\KULIAH\investory\system\View\View.php(222): CodeIgniter\View\View->CodeIgniter\View\{closure}()
#3 D:\DEVELOPMENT\KULIAH\investory\system\Common.php(1217): CodeIgniter\View\View->render('master/product/...', Array, true)
#4 D:\DEVELOPMENT\KULIAH\investory\app\Controllers\Master\Product.php(34): view('master/product/...', Array)
#5 D:\DEVELOPMENT\KULIAH\investory\system\CodeIgniter.php(936): App\Controllers\Master\Product->index()
#6 D:\DEVELOPMENT\KULIAH\investory\system\CodeIgniter.php(432): CodeIgniter\CodeIgniter->runController(Object(App\Controllers\Master\Product))
#7 D:\DEVELOPMENT\KULIAH\investory\system\CodeIgniter.php(333): CodeIgniter\CodeIgniter->handleRequest(NULL, Object(Config\Cache), false)
#8 D:\DEVELOPMENT\KULIAH\investory\public\index.php(44): CodeIgniter\CodeIgniter->run()
#9 D:\DEVELOPMENT\KULIAH\investory\system\Commands\Server\rewrite.php(45): require_once('D:\\DEVELOPMENT\\...')
#10 {main}
CRITICAL - 2022-04-06 09:17:03 --> Undefined index:   
#0 D:\DEVELOPMENT\KULIAH\investory\app\Views\master\product\index.php(48): CodeIgniter\Debug\Exceptions->errorHandler(8, 'Undefined index...', 'D:\\DEVELOPMENT\\...', 48, Array)
#1 D:\DEVELOPMENT\KULIAH\investory\system\View\View.php(220): include('D:\\DEVELOPMENT\\...')
#2 D:\DEVELOPMENT\KULIAH\investory\system\View\View.php(222): CodeIgniter\View\View->CodeIgniter\View\{closure}()
#3 D:\DEVELOPMENT\KULIAH\investory\system\Common.php(1217): CodeIgniter\View\View->render('master/product/...', Array, true)
#4 D:\DEVELOPMENT\KULIAH\investory\app\Controllers\Master\Product.php(33): view('master/product/...', Array)
#5 D:\DEVELOPMENT\KULIAH\investory\system\CodeIgniter.php(936): App\Controllers\Master\Product->index()
#6 D:\DEVELOPMENT\KULIAH\investory\system\CodeIgniter.php(432): CodeIgniter\CodeIgniter->runController(Object(App\Controllers\Master\Product))
#7 D:\DEVELOPMENT\KULIAH\investory\system\CodeIgniter.php(333): CodeIgniter\CodeIgniter->handleRequest(NULL, Object(Config\Cache), false)
#8 D:\DEVELOPMENT\KULIAH\investory\public\index.php(44): CodeIgniter\CodeIgniter->run()
#9 D:\DEVELOPMENT\KULIAH\investory\system\Commands\Server\rewrite.php(45): require_once('D:\\DEVELOPMENT\\...')
#10 {main}
CRITICAL - 2022-04-06 09:18:10 --> Undefined index: code_category
#0 D:\DEVELOPMENT\KULIAH\investory\app\Views\master\product\index.php(48): CodeIgniter\Debug\Exceptions->errorHandler(8, 'Undefined index...', 'D:\\DEVELOPMENT\\...', 48, Array)
#1 D:\DEVELOPMENT\KULIAH\investory\system\View\View.php(220): include('D:\\DEVELOPMENT\\...')
#2 D:\DEVELOPMENT\KULIAH\investory\system\View\View.php(222): CodeIgniter\View\View->CodeIgniter\View\{closure}()
#3 D:\DEVELOPMENT\KULIAH\investory\system\Common.php(1217): CodeIgniter\View\View->render('master/product/...', Array, true)
#4 D:\DEVELOPMENT\KULIAH\investory\app\Controllers\Master\Product.php(33): view('master/product/...', Array)
#5 D:\DEVELOPMENT\KULIAH\investory\system\CodeIgniter.php(936): App\Controllers\Master\Product->index()
#6 D:\DEVELOPMENT\KULIAH\investory\system\CodeIgniter.php(432): CodeIgniter\CodeIgniter->runController(Object(App\Controllers\Master\Product))
#7 D:\DEVELOPMENT\KULIAH\investory\system\CodeIgniter.php(333): CodeIgniter\CodeIgniter->handleRequest(NULL, Object(Config\Cache), false)
#8 D:\DEVELOPMENT\KULIAH\investory\public\index.php(44): CodeIgniter\CodeIgniter->run()
#9 D:\DEVELOPMENT\KULIAH\investory\system\Commands\Server\rewrite.php(45): require_once('D:\\DEVELOPMENT\\...')
#10 {main}
CRITICAL - 2022-04-06 09:30:04 --> Allowed fields must be specified for model: App\Models\Stock
#0 D:\DEVELOPMENT\KULIAH\investory\system\BaseModel.php(1202): CodeIgniter\Database\Exceptions\DataException::forInvalidAllowedFields('App\\Models\\Stoc...')
#1 D:\DEVELOPMENT\KULIAH\investory\system\BaseModel.php(729): CodeIgniter\BaseModel->doProtectFields(Array)
#2 D:\DEVELOPMENT\KULIAH\investory\system\Model.php(705): CodeIgniter\BaseModel->insert(Array, false)
#3 D:\DEVELOPMENT\KULIAH\investory\system\BaseModel.php(667): CodeIgniter\Model->insert(Array, false)
#4 D:\DEVELOPMENT\KULIAH\investory\app\Controllers\Transaction\Stock.php(51): CodeIgniter\BaseModel->save(Array)
#5 D:\DEVELOPMENT\KULIAH\investory\system\CodeIgniter.php(936): App\Controllers\Transaction\Stock->store()
#6 D:\DEVELOPMENT\KULIAH\investory\system\CodeIgniter.php(432): CodeIgniter\CodeIgniter->runController(Object(App\Controllers\Transaction\Stock))
#7 D:\DEVELOPMENT\KULIAH\investory\system\CodeIgniter.php(333): CodeIgniter\CodeIgniter->handleRequest(NULL, Object(Config\Cache), false)
#8 D:\DEVELOPMENT\KULIAH\investory\public\index.php(44): CodeIgniter\CodeIgniter->run()
#9 D:\DEVELOPMENT\KULIAH\investory\system\Commands\Server\rewrite.php(45): require_once('D:\\DEVELOPMENT\\...')
#10 {main}
CRITICAL - 2022-04-06 09:36:00 --> Undefined property: CodeIgniter\HTTP\IncomingRequest::$stock_details
#0 D:\DEVELOPMENT\KULIAH\investory\app\Controllers\Transaction\Stock.php(55): CodeIgniter\Debug\Exceptions->errorHandler(8, 'Undefined prope...', 'D:\\DEVELOPMENT\\...', 55, Array)
#1 D:\DEVELOPMENT\KULIAH\investory\system\CodeIgniter.php(936): App\Controllers\Transaction\Stock->store()
#2 D:\DEVELOPMENT\KULIAH\investory\system\CodeIgniter.php(432): CodeIgniter\CodeIgniter->runController(Object(App\Controllers\Transaction\Stock))
#3 D:\DEVELOPMENT\KULIAH\investory\system\CodeIgniter.php(333): CodeIgniter\CodeIgniter->handleRequest(NULL, Object(Config\Cache), false)
#4 D:\DEVELOPMENT\KULIAH\investory\public\index.php(44): CodeIgniter\CodeIgniter->run()
#5 D:\DEVELOPMENT\KULIAH\investory\system\Commands\Server\rewrite.php(45): require_once('D:\\DEVELOPMENT\\...')
#6 {main}
CRITICAL - 2022-04-06 09:36:12 --> There is no data to insert.
#0 D:\DEVELOPMENT\KULIAH\investory\system\BaseModel.php(735): CodeIgniter\Database\Exceptions\DataException::forEmptyDataset('insert')
#1 D:\DEVELOPMENT\KULIAH\investory\system\Model.php(705): CodeIgniter\BaseModel->insert(Array, false)
#2 D:\DEVELOPMENT\KULIAH\investory\system\BaseModel.php(667): CodeIgniter\Model->insert(Array, false)
#3 D:\DEVELOPMENT\KULIAH\investory\app\Controllers\Transaction\Stock.php(61): CodeIgniter\BaseModel->save(Array)
#4 D:\DEVELOPMENT\KULIAH\investory\system\CodeIgniter.php(936): App\Controllers\Transaction\Stock->store()
#5 D:\DEVELOPMENT\KULIAH\investory\system\CodeIgniter.php(432): CodeIgniter\CodeIgniter->runController(Object(App\Controllers\Transaction\Stock))
#6 D:\DEVELOPMENT\KULIAH\investory\system\CodeIgniter.php(333): CodeIgniter\CodeIgniter->handleRequest(NULL, Object(Config\Cache), false)
#7 D:\DEVELOPMENT\KULIAH\investory\public\index.php(44): CodeIgniter\CodeIgniter->run()
#8 D:\DEVELOPMENT\KULIAH\investory\system\Commands\Server\rewrite.php(45): require_once('D:\\DEVELOPMENT\\...')
#9 {main}
CRITICAL - 2022-04-06 09:36:49 --> Class 'App\Database\Migrations\Stockdetails' not found
#0 D:\DEVELOPMENT\KULIAH\investory\system\CodeIgniter.php(908): App\Controllers\Transaction\Stock->__construct()
#1 D:\DEVELOPMENT\KULIAH\investory\system\CodeIgniter.php(422): CodeIgniter\CodeIgniter->createController()
#2 D:\DEVELOPMENT\KULIAH\investory\system\CodeIgniter.php(333): CodeIgniter\CodeIgniter->handleRequest(NULL, Object(Config\Cache), false)
#3 D:\DEVELOPMENT\KULIAH\investory\public\index.php(44): CodeIgniter\CodeIgniter->run()
#4 D:\DEVELOPMENT\KULIAH\investory\system\Commands\Server\rewrite.php(45): require_once('D:\\DEVELOPMENT\\...')
#5 {main}
ERROR - 2022-04-06 09:40:33 --> mysqli_sql_exception: Table 'ci_inventoryku.stockdetails' doesn't exist in D:\DEVELOPMENT\KULIAH\investory\system\Database\MySQLi\Connection.php:314
Stack trace:
#0 D:\DEVELOPMENT\KULIAH\investory\system\Database\MySQLi\Connection.php(314): mysqli->query('INSERT INTO `st...')
#1 D:\DEVELOPMENT\KULIAH\investory\system\Database\BaseConnection.php(713): CodeIgniter\Database\MySQLi\Connection->execute('INSERT INTO `st...')
#2 D:\DEVELOPMENT\KULIAH\investory\system\Database\BaseConnection.php(641): CodeIgniter\Database\BaseConnection->simpleQuery('INSERT INTO `st...')
#3 D:\DEVELOPMENT\KULIAH\investory\system\Database\BaseBuilder.php(2263): CodeIgniter\Database\BaseConnection->query('INSERT INTO `st...', Array, false)
#4 D:\DEVELOPMENT\KULIAH\investory\system\Model.php(278): CodeIgniter\Database\BaseBuilder->insert()
#5 D:\DEVELOPMENT\KULIAH\investory\system\BaseModel.php(758): CodeIgniter\Model->doInsert(Array)
#6 D:\DEVELOPMENT\KULIAH\investory\system\Model.php(705): CodeIgniter\BaseModel->insert(Array, false)
#7 D:\DEVELOPMENT\KULIAH\investory\system\BaseModel.php(667): CodeIgniter\Model->insert(Array, false)
#8 D:\DEVELOPMENT\KULIAH\investory\app\Controllers\Transaction\Stock.php(63): CodeIgniter\BaseModel->save(Array)
#9 D:\DEVELOPMENT\KULIAH\investory\system\CodeIgniter.php(936): App\Controllers\Transaction\Stock->store()
#10 D:\DEVELOPMENT\KULIAH\investory\system\CodeIgniter.php(432): CodeIgniter\CodeIgniter->runController(Object(App\Controllers\Transaction\Stock))
#11 D:\DEVELOPMENT\KULIAH\investory\system\CodeIgniter.php(333): CodeIgniter\CodeIgniter->handleRequest(NULL, Object(Config\Cache), false)
#12 D:\DEVELOPMENT\KULIAH\investory\public\index.php(44): CodeIgniter\CodeIgniter->run()
#13 D:\DEVELOPMENT\KULIAH\investory\system\Commands\Server\rewrite.php(45): require_once('D:\\DEVELOPMENT\\...')
#14 {main}
CRITICAL - 2022-04-06 09:40:33 --> Table 'ci_inventoryku.stockdetails' doesn't exist
#0 D:\DEVELOPMENT\KULIAH\investory\system\Database\MySQLi\Connection.php(314): mysqli->query('INSERT INTO `st...')
#1 D:\DEVELOPMENT\KULIAH\investory\system\Database\BaseConnection.php(713): CodeIgniter\Database\MySQLi\Connection->execute('INSERT INTO `st...')
#2 D:\DEVELOPMENT\KULIAH\investory\system\Database\BaseConnection.php(641): CodeIgniter\Database\BaseConnection->simpleQuery('INSERT INTO `st...')
#3 D:\DEVELOPMENT\KULIAH\investory\system\Database\BaseBuilder.php(2263): CodeIgniter\Database\BaseConnection->query('INSERT INTO `st...', Array, false)
#4 D:\DEVELOPMENT\KULIAH\investory\system\Model.php(278): CodeIgniter\Database\BaseBuilder->insert()
#5 D:\DEVELOPMENT\KULIAH\investory\system\BaseModel.php(758): CodeIgniter\Model->doInsert(Array)
#6 D:\DEVELOPMENT\KULIAH\investory\system\Model.php(705): CodeIgniter\BaseModel->insert(Array, false)
#7 D:\DEVELOPMENT\KULIAH\investory\system\BaseModel.php(667): CodeIgniter\Model->insert(Array, false)
#8 D:\DEVELOPMENT\KULIAH\investory\app\Controllers\Transaction\Stock.php(63): CodeIgniter\BaseModel->save(Array)
#9 D:\DEVELOPMENT\KULIAH\investory\system\CodeIgniter.php(936): App\Controllers\Transaction\Stock->store()
#10 D:\DEVELOPMENT\KULIAH\investory\system\CodeIgniter.php(432): CodeIgniter\CodeIgniter->runController(Object(App\Controllers\Transaction\Stock))
#11 D:\DEVELOPMENT\KULIAH\investory\system\CodeIgniter.php(333): CodeIgniter\CodeIgniter->handleRequest(NULL, Object(Config\Cache), false)
#12 D:\DEVELOPMENT\KULIAH\investory\public\index.php(44): CodeIgniter\CodeIgniter->run()
#13 D:\DEVELOPMENT\KULIAH\investory\system\Commands\Server\rewrite.php(45): require_once('D:\\DEVELOPMENT\\...')
#14 {main}
