ERROR - 2022-05-31 22:22:17 --> mysqli_sql_exception: In aggregated query without GROUP BY, expression #2 of SELECT list contains nonaggregated column 'ci_inventoryku.SD.product_id'; this is incompatible with sql_mode=only_full_group_by in D:\DEVELOPMENT\KULIAH\investory\system\Database\MySQLi\Connection.php:314
Stack trace:
#0 D:\DEVELOPMENT\KULIAH\investory\system\Database\MySQLi\Connection.php(314): mysqli->query('SELECT\r\n\t\t\tSUM(...')
#1 D:\DEVELOPMENT\KULIAH\investory\system\Database\BaseConnection.php(713): CodeIgniter\Database\MySQLi\Connection->execute('SELECT\r\n\t\t\tSUM(...')
#2 D:\DEVELOPMENT\KULIAH\investory\system\Database\BaseConnection.php(641): CodeIgniter\Database\BaseConnection->simpleQuery('SELECT\r\n\t\t\tSUM(...')
#3 D:\DEVELOPMENT\KULIAH\investory\app\Controllers\Home.php(11): CodeIgniter\Database\BaseConnection->query('SELECT\r\n\t\t\tSUM(...')
#4 D:\DEVELOPMENT\KULIAH\investory\system\CodeIgniter.php(936): App\Controllers\Home->index()
#5 D:\DEVELOPMENT\KULIAH\investory\system\CodeIgniter.php(432): CodeIgniter\CodeIgniter->runController(Object(App\Controllers\Home))
#6 D:\DEVELOPMENT\KULIAH\investory\system\CodeIgniter.php(333): CodeIgniter\CodeIgniter->handleRequest(NULL, Object(Config\Cache), false)
#7 D:\DEVELOPMENT\KULIAH\investory\public\index.php(44): CodeIgniter\CodeIgniter->run()
#8 D:\DEVELOPMENT\KULIAH\investory\system\Commands\Server\rewrite.php(45): require_once('D:\\DEVELOPMENT\\...')
#9 {main}
CRITICAL - 2022-05-31 22:22:17 --> In aggregated query without GROUP BY, expression #2 of SELECT list contains nonaggregated column 'ci_inventoryku.SD.product_id'; this is incompatible with sql_mode=only_full_group_by
#0 D:\DEVELOPMENT\KULIAH\investory\system\Database\MySQLi\Connection.php(314): mysqli->query('SELECT\r\n\t\t\tSUM(...')
#1 D:\DEVELOPMENT\KULIAH\investory\system\Database\BaseConnection.php(713): CodeIgniter\Database\MySQLi\Connection->execute('SELECT\r\n\t\t\tSUM(...')
#2 D:\DEVELOPMENT\KULIAH\investory\system\Database\BaseConnection.php(641): CodeIgniter\Database\BaseConnection->simpleQuery('SELECT\r\n\t\t\tSUM(...')
#3 D:\DEVELOPMENT\KULIAH\investory\app\Controllers\Home.php(11): CodeIgniter\Database\BaseConnection->query('SELECT\r\n\t\t\tSUM(...')
#4 D:\DEVELOPMENT\KULIAH\investory\system\CodeIgniter.php(936): App\Controllers\Home->index()
#5 D:\DEVELOPMENT\KULIAH\investory\system\CodeIgniter.php(432): CodeIgniter\CodeIgniter->runController(Object(App\Controllers\Home))
#6 D:\DEVELOPMENT\KULIAH\investory\system\CodeIgniter.php(333): CodeIgniter\CodeIgniter->handleRequest(NULL, Object(Config\Cache), false)
#7 D:\DEVELOPMENT\KULIAH\investory\public\index.php(44): CodeIgniter\CodeIgniter->run()
#8 D:\DEVELOPMENT\KULIAH\investory\system\Commands\Server\rewrite.php(45): require_once('D:\\DEVELOPMENT\\...')
#9 {main}
ERROR - 2022-05-31 22:23:47 --> mysqli_sql_exception: In aggregated query without GROUP BY, expression #2 of SELECT list contains nonaggregated column 'ci_inventoryku.SD.product_id'; this is incompatible with sql_mode=only_full_group_by in D:\DEVELOPMENT\KULIAH\investory\system\Database\MySQLi\Connection.php:314
Stack trace:
#0 D:\DEVELOPMENT\KULIAH\investory\system\Database\MySQLi\Connection.php(314): mysqli->query('SELECT\r\n\t\t\tSUM(...')
#1 D:\DEVELOPMENT\KULIAH\investory\system\Database\BaseConnection.php(713): CodeIgniter\Database\MySQLi\Connection->execute('SELECT\r\n\t\t\tSUM(...')
#2 D:\DEVELOPMENT\KULIAH\investory\system\Database\BaseConnection.php(641): CodeIgniter\Database\BaseConnection->simpleQuery('SELECT\r\n\t\t\tSUM(...')
#3 D:\DEVELOPMENT\KULIAH\investory\app\Controllers\Home.php(11): CodeIgniter\Database\BaseConnection->query('SELECT\r\n\t\t\tSUM(...')
#4 D:\DEVELOPMENT\KULIAH\investory\system\CodeIgniter.php(936): App\Controllers\Home->index()
#5 D:\DEVELOPMENT\KULIAH\investory\system\CodeIgniter.php(432): CodeIgniter\CodeIgniter->runController(Object(App\Controllers\Home))
#6 D:\DEVELOPMENT\KULIAH\investory\system\CodeIgniter.php(333): CodeIgniter\CodeIgniter->handleRequest(NULL, Object(Config\Cache), false)
#7 D:\DEVELOPMENT\KULIAH\investory\public\index.php(44): CodeIgniter\CodeIgniter->run()
#8 D:\DEVELOPMENT\KULIAH\investory\system\Commands\Server\rewrite.php(45): require_once('D:\\DEVELOPMENT\\...')
#9 {main}
CRITICAL - 2022-05-31 22:23:47 --> In aggregated query without GROUP BY, expression #2 of SELECT list contains nonaggregated column 'ci_inventoryku.SD.product_id'; this is incompatible with sql_mode=only_full_group_by
#0 D:\DEVELOPMENT\KULIAH\investory\system\Database\MySQLi\Connection.php(314): mysqli->query('SELECT\r\n\t\t\tSUM(...')
#1 D:\DEVELOPMENT\KULIAH\investory\system\Database\BaseConnection.php(713): CodeIgniter\Database\MySQLi\Connection->execute('SELECT\r\n\t\t\tSUM(...')
#2 D:\DEVELOPMENT\KULIAH\investory\system\Database\BaseConnection.php(641): CodeIgniter\Database\BaseConnection->simpleQuery('SELECT\r\n\t\t\tSUM(...')
#3 D:\DEVELOPMENT\KULIAH\investory\app\Controllers\Home.php(11): CodeIgniter\Database\BaseConnection->query('SELECT\r\n\t\t\tSUM(...')
#4 D:\DEVELOPMENT\KULIAH\investory\system\CodeIgniter.php(936): App\Controllers\Home->index()
#5 D:\DEVELOPMENT\KULIAH\investory\system\CodeIgniter.php(432): CodeIgniter\CodeIgniter->runController(Object(App\Controllers\Home))
#6 D:\DEVELOPMENT\KULIAH\investory\system\CodeIgniter.php(333): CodeIgniter\CodeIgniter->handleRequest(NULL, Object(Config\Cache), false)
#7 D:\DEVELOPMENT\KULIAH\investory\public\index.php(44): CodeIgniter\CodeIgniter->run()
#8 D:\DEVELOPMENT\KULIAH\investory\system\Commands\Server\rewrite.php(45): require_once('D:\\DEVELOPMENT\\...')
#9 {main}
ERROR - 2022-05-31 22:24:08 --> mysqli_sql_exception: In aggregated query without GROUP BY, expression #2 of SELECT list contains nonaggregated column 'ci_inventoryku.SD.product_id'; this is incompatible with sql_mode=only_full_group_by in D:\DEVELOPMENT\KULIAH\investory\system\Database\MySQLi\Connection.php:314
Stack trace:
#0 D:\DEVELOPMENT\KULIAH\investory\system\Database\MySQLi\Connection.php(314): mysqli->query('SELECT\r\n\t\t\tSUM(...')
#1 D:\DEVELOPMENT\KULIAH\investory\system\Database\BaseConnection.php(713): CodeIgniter\Database\MySQLi\Connection->execute('SELECT\r\n\t\t\tSUM(...')
#2 D:\DEVELOPMENT\KULIAH\investory\system\Database\BaseConnection.php(641): CodeIgniter\Database\BaseConnection->simpleQuery('SELECT\r\n\t\t\tSUM(...')
#3 D:\DEVELOPMENT\KULIAH\investory\app\Controllers\Home.php(11): CodeIgniter\Database\BaseConnection->query('SELECT\r\n\t\t\tSUM(...')
#4 D:\DEVELOPMENT\KULIAH\investory\system\CodeIgniter.php(936): App\Controllers\Home->index()
#5 D:\DEVELOPMENT\KULIAH\investory\system\CodeIgniter.php(432): CodeIgniter\CodeIgniter->runController(Object(App\Controllers\Home))
#6 D:\DEVELOPMENT\KULIAH\investory\system\CodeIgniter.php(333): CodeIgniter\CodeIgniter->handleRequest(NULL, Object(Config\Cache), false)
#7 D:\DEVELOPMENT\KULIAH\investory\public\index.php(44): CodeIgniter\CodeIgniter->run()
#8 D:\DEVELOPMENT\KULIAH\investory\system\Commands\Server\rewrite.php(45): require_once('D:\\DEVELOPMENT\\...')
#9 {main}
CRITICAL - 2022-05-31 22:24:08 --> In aggregated query without GROUP BY, expression #2 of SELECT list contains nonaggregated column 'ci_inventoryku.SD.product_id'; this is incompatible with sql_mode=only_full_group_by
#0 D:\DEVELOPMENT\KULIAH\investory\system\Database\MySQLi\Connection.php(314): mysqli->query('SELECT\r\n\t\t\tSUM(...')
#1 D:\DEVELOPMENT\KULIAH\investory\system\Database\BaseConnection.php(713): CodeIgniter\Database\MySQLi\Connection->execute('SELECT\r\n\t\t\tSUM(...')
#2 D:\DEVELOPMENT\KULIAH\investory\system\Database\BaseConnection.php(641): CodeIgniter\Database\BaseConnection->simpleQuery('SELECT\r\n\t\t\tSUM(...')
#3 D:\DEVELOPMENT\KULIAH\investory\app\Controllers\Home.php(11): CodeIgniter\Database\BaseConnection->query('SELECT\r\n\t\t\tSUM(...')
#4 D:\DEVELOPMENT\KULIAH\investory\system\CodeIgniter.php(936): App\Controllers\Home->index()
#5 D:\DEVELOPMENT\KULIAH\investory\system\CodeIgniter.php(432): CodeIgniter\CodeIgniter->runController(Object(App\Controllers\Home))
#6 D:\DEVELOPMENT\KULIAH\investory\system\CodeIgniter.php(333): CodeIgniter\CodeIgniter->handleRequest(NULL, Object(Config\Cache), false)
#7 D:\DEVELOPMENT\KULIAH\investory\public\index.php(44): CodeIgniter\CodeIgniter->run()
#8 D:\DEVELOPMENT\KULIAH\investory\system\Commands\Server\rewrite.php(45): require_once('D:\\DEVELOPMENT\\...')
#9 {main}
