ERROR - 2022-04-03 07:19:57 --> Error connecting to the database: No connection could be made because the target machine actively refused it.

CRITICAL - 2022-04-03 07:19:57 --> Unable to connect to the database.
#0 D:\DEVELOPMENT\KULIAH\investory\system\Database\BaseConnection.php(618): CodeIgniter\Database\BaseConnection->initialize()
#1 D:\DEVELOPMENT\KULIAH\investory\system\Database\BaseBuilder.php(1866): CodeIgniter\Database\BaseConnection->query('SELECT *\nFROM `...', Array, false)
#2 D:\DEVELOPMENT\KULIAH\investory\system\Model.php(247): CodeIgniter\Database\BaseBuilder->get()
#3 D:\DEVELOPMENT\KULIAH\investory\system\BaseModel.php(624): CodeIgniter\Model->doFirst()
#4 D:\DEVELOPMENT\KULIAH\investory\app\Controllers\Login.php(35): CodeIgniter\BaseModel->first()
#5 D:\DEVELOPMENT\KULIAH\investory\system\CodeIgniter.php(936): App\Controllers\Login->doLogin()
#6 D:\DEVELOPMENT\KULIAH\investory\system\CodeIgniter.php(432): CodeIgniter\CodeIgniter->runController(Object(App\Controllers\Login))
#7 D:\DEVELOPMENT\KULIAH\investory\system\CodeIgniter.php(333): CodeIgniter\CodeIgniter->handleRequest(NULL, Object(Config\Cache), false)
#8 D:\DEVELOPMENT\KULIAH\investory\public\index.php(44): CodeIgniter\CodeIgniter->run()
#9 D:\DEVELOPMENT\KULIAH\investory\system\Commands\Server\rewrite.php(45): require_once('D:\\DEVELOPMENT\\...')
#10 {main}
CRITICAL - 2022-04-03 07:20:12 --> Undefined property: App\Controllers\Transaction\Stock::$user
#0 D:\DEVELOPMENT\KULIAH\investory\app\Controllers\Transaction\Stock.php(14): CodeIgniter\Debug\Exceptions->errorHandler(8, 'Undefined prope...', 'D:\\DEVELOPMENT\\...', 14, Array)
#1 D:\DEVELOPMENT\KULIAH\investory\system\CodeIgniter.php(936): App\Controllers\Transaction\Stock->index()
#2 D:\DEVELOPMENT\KULIAH\investory\system\CodeIgniter.php(432): CodeIgniter\CodeIgniter->runController(Object(App\Controllers\Transaction\Stock))
#3 D:\DEVELOPMENT\KULIAH\investory\system\CodeIgniter.php(333): CodeIgniter\CodeIgniter->handleRequest(NULL, Object(Config\Cache), false)
#4 D:\DEVELOPMENT\KULIAH\investory\public\index.php(44): CodeIgniter\CodeIgniter->run()
#5 D:\DEVELOPMENT\KULIAH\investory\system\Commands\Server\rewrite.php(45): require_once('D:\\DEVELOPMENT\\...')
#6 {main}
ERROR - 2022-04-03 22:16:40 --> Error connecting to the database: No connection could be made because the target machine actively refused it.

CRITICAL - 2022-04-03 22:16:40 --> Unable to connect to the database.
#0 D:\DEVELOPMENT\KULIAH\investory\system\Database\BaseConnection.php(618): CodeIgniter\Database\BaseConnection->initialize()
#1 D:\DEVELOPMENT\KULIAH\investory\system\Database\BaseBuilder.php(1866): CodeIgniter\Database\BaseConnection->query('SELECT *\nFROM `...', Array, false)
#2 D:\DEVELOPMENT\KULIAH\investory\system\Model.php(247): CodeIgniter\Database\BaseBuilder->get()
#3 D:\DEVELOPMENT\KULIAH\investory\system\BaseModel.php(624): CodeIgniter\Model->doFirst()
#4 D:\DEVELOPMENT\KULIAH\investory\app\Controllers\Login.php(35): CodeIgniter\BaseModel->first()
#5 D:\DEVELOPMENT\KULIAH\investory\system\CodeIgniter.php(936): App\Controllers\Login->doLogin()
#6 D:\DEVELOPMENT\KULIAH\investory\system\CodeIgniter.php(432): CodeIgniter\CodeIgniter->runController(Object(App\Controllers\Login))
#7 D:\DEVELOPMENT\KULIAH\investory\system\CodeIgniter.php(333): CodeIgniter\CodeIgniter->handleRequest(NULL, Object(Config\Cache), false)
#8 D:\DEVELOPMENT\KULIAH\investory\public\index.php(44): CodeIgniter\CodeIgniter->run()
#9 D:\DEVELOPMENT\KULIAH\investory\system\Commands\Server\rewrite.php(45): require_once('D:\\DEVELOPMENT\\...')
#10 {main}
ERROR - 2022-04-03 22:16:58 --> mysqli_sql_exception: Unknown column 'units.description' in 'field list' in D:\DEVELOPMENT\KULIAH\investory\system\Database\MySQLi\Connection.php:314
Stack trace:
#0 D:\DEVELOPMENT\KULIAH\investory\system\Database\MySQLi\Connection.php(314): mysqli->query('SELECT `product...')
#1 D:\DEVELOPMENT\KULIAH\investory\system\Database\BaseConnection.php(713): CodeIgniter\Database\MySQLi\Connection->execute('SELECT `product...')
#2 D:\DEVELOPMENT\KULIAH\investory\system\Database\BaseConnection.php(641): CodeIgniter\Database\BaseConnection->simpleQuery('SELECT `product...')
#3 D:\DEVELOPMENT\KULIAH\investory\system\Database\BaseBuilder.php(1866): CodeIgniter\Database\BaseConnection->query('SELECT `product...', Array, false)
#4 D:\DEVELOPMENT\KULIAH\investory\system\Model.php(213): CodeIgniter\Database\BaseBuilder->get()
#5 D:\DEVELOPMENT\KULIAH\investory\system\BaseModel.php(583): CodeIgniter\Model->doFindAll(0, 0)
#6 D:\DEVELOPMENT\KULIAH\investory\app\Controllers\Master\Product.php(22): CodeIgniter\BaseModel->findAll()
#7 D:\DEVELOPMENT\KULIAH\investory\system\CodeIgniter.php(936): App\Controllers\Master\Product->index()
#8 D:\DEVELOPMENT\KULIAH\investory\system\CodeIgniter.php(432): CodeIgniter\CodeIgniter->runController(Object(App\Controllers\Master\Product))
#9 D:\DEVELOPMENT\KULIAH\investory\system\CodeIgniter.php(333): CodeIgniter\CodeIgniter->handleRequest(NULL, Object(Config\Cache), false)
#10 D:\DEVELOPMENT\KULIAH\investory\public\index.php(44): CodeIgniter\CodeIgniter->run()
#11 D:\DEVELOPMENT\KULIAH\investory\system\Commands\Server\rewrite.php(45): require_once('D:\\DEVELOPMENT\\...')
#12 {main}
CRITICAL - 2022-04-03 22:16:58 --> Unknown column 'units.description' in 'field list'
#0 D:\DEVELOPMENT\KULIAH\investory\system\Database\MySQLi\Connection.php(314): mysqli->query('SELECT `product...')
#1 D:\DEVELOPMENT\KULIAH\investory\system\Database\BaseConnection.php(713): CodeIgniter\Database\MySQLi\Connection->execute('SELECT `product...')
#2 D:\DEVELOPMENT\KULIAH\investory\system\Database\BaseConnection.php(641): CodeIgniter\Database\BaseConnection->simpleQuery('SELECT `product...')
#3 D:\DEVELOPMENT\KULIAH\investory\system\Database\BaseBuilder.php(1866): CodeIgniter\Database\BaseConnection->query('SELECT `product...', Array, false)
#4 D:\DEVELOPMENT\KULIAH\investory\system\Model.php(213): CodeIgniter\Database\BaseBuilder->get()
#5 D:\DEVELOPMENT\KULIAH\investory\system\BaseModel.php(583): CodeIgniter\Model->doFindAll(0, 0)
#6 D:\DEVELOPMENT\KULIAH\investory\app\Controllers\Master\Product.php(22): CodeIgniter\BaseModel->findAll()
#7 D:\DEVELOPMENT\KULIAH\investory\system\CodeIgniter.php(936): App\Controllers\Master\Product->index()
#8 D:\DEVELOPMENT\KULIAH\investory\system\CodeIgniter.php(432): CodeIgniter\CodeIgniter->runController(Object(App\Controllers\Master\Product))
#9 D:\DEVELOPMENT\KULIAH\investory\system\CodeIgniter.php(333): CodeIgniter\CodeIgniter->handleRequest(NULL, Object(Config\Cache), false)
#10 D:\DEVELOPMENT\KULIAH\investory\public\index.php(44): CodeIgniter\CodeIgniter->run()
#11 D:\DEVELOPMENT\KULIAH\investory\system\Commands\Server\rewrite.php(45): require_once('D:\\DEVELOPMENT\\...')
#12 {main}
